/home/heng/FYP/train_ssd_all.py:695: FutureWarning: `torch.cuda.amp.GradScaler(args...)` is deprecated. Please use `torch.amp.GradScaler('cuda', args...)` instead.
  scaler = GradScaler()
======================================================================
  SSD300 — All Experiments (YOLO Configuration)
======================================================================
  Running  : ['SHEL5K', 'SH17', 'SFCHD']
  Config   : Batch=8, ImgSz=640×640, LR=0.01, SGD(momentum=0.937)
  GPU      : NVIDIA GeForce RTX 4050 Laptop GPU
  VRAM     : 6.1 GB
  GPU temp : 43°C


──────────────────────────────────────────────────────────────────────
  Resolving dataset: SHEL5K ...

======================================================================
  EXP 23 — SSD300 (VGG16) | SHEL5K
======================================================================
  results   : /home/heng/FYP/results/SSD/exp23_ssd_shel5k
  classes   : 7 → ['helmet', 'head_with_helmet', 'person_with_helmet', 'face', 'head', 'person_no_helmet', 'person']
  GPU       : NVIDIA GeForce RTX 4050 Laptop GPU
  GPU temp  : 43°C

  Building datasets...
  Train: 3500 | Val: 750 | Test: 750
  Starting training for 100 epochs...
  Epoch 1/100 [Batch 87/438]
  Epoch 1/100 [Batch 174/438]
  Epoch 1/100 [Batch 261/438]
  Epoch 1/100 [Batch 348/438]
  Epoch 1/100 [Batch 435/438]
  Epoch 1/100 | Loss: 5.8568 [BEST]
  Epoch 2/100 [Batch 87/438]
  Epoch 2/100 [Batch 174/438]
  Epoch 2/100 [Batch 261/438]
  Epoch 2/100 [Batch 348/438]
  Epoch 2/100 [Batch 435/438]
  Epoch 2/100 | Loss: 5.0699 [BEST]
  Epoch 3/100 [Batch 87/438]
  Epoch 3/100 [Batch 174/438]
  Epoch 3/100 [Batch 261/438]
  Epoch 3/100 [Batch 348/438]
  Epoch 3/100 [Batch 435/438]
  Epoch 3/100 | Loss: 4.8871 [BEST]
  Epoch 4/100 [Batch 87/438]
  Epoch 4/100 [Batch 174/438]
  Epoch 4/100 [Batch 261/438]
  Epoch 4/100 [Batch 348/438]
  Epoch 4/100 [Batch 435/438]
  Epoch 4/100 | Loss: 4.7534 [BEST]
  Epoch 5/100 [Batch 87/438]
  Epoch 5/100 [Batch 174/438]
  Epoch 5/100 [Batch 261/438]
  Epoch 5/100 [Batch 348/438]
  Epoch 5/100 [Batch 435/438]
  Epoch 5/100 | Loss: 4.5819 [BEST]
  Epoch 6/100 [Batch 87/438]
  Epoch 6/100 [Batch 174/438]
  Epoch 6/100 [Batch 261/438]
  Epoch 6/100 [Batch 348/438]
  Epoch 6/100 [Batch 435/438]
  Epoch 6/100 | Loss: 4.5047 [BEST]
  Epoch 7/100 [Batch 87/438]
  Epoch 7/100 [Batch 174/438]
  Epoch 7/100 [Batch 261/438]
  Epoch 7/100 [Batch 348/438]
  Epoch 7/100 [Batch 435/438]
  Epoch 7/100 | Loss: 4.4947 [BEST]
  Epoch 8/100 [Batch 87/438]
  Epoch 8/100 [Batch 174/438]
  Epoch 8/100 [Batch 261/438]
  Epoch 8/100 [Batch 348/438]
  Epoch 8/100 [Batch 435/438]
  Epoch 8/100 | Loss: 4.3844 [BEST]
  Epoch 9/100 [Batch 87/438]
  Epoch 9/100 [Batch 174/438]
  Epoch 9/100 [Batch 261/438]
  Epoch 9/100 [Batch 348/438]
  Epoch 9/100 [Batch 435/438]
  Epoch 9/100 | Loss: 4.3382 [BEST]
  Epoch 10/100 [Batch 87/438]
  Epoch 10/100 [Batch 174/438]
  Epoch 10/100 [Batch 261/438]
  Epoch 10/100 [Batch 348/438]
  Epoch 10/100 [Batch 435/438]
  Epoch 10/100 | Loss: 4.2635 [BEST]
  Epoch 11/100 [Batch 87/438]
  Epoch 11/100 [Batch 174/438]
  Epoch 11/100 [Batch 261/438]
  Epoch 11/100 [Batch 348/438]
  Epoch 11/100 [Batch 435/438]
  Epoch 11/100 | Loss: 4.2558 [BEST]
  Epoch 12/100 [Batch 87/438]
  Epoch 12/100 [Batch 174/438]
  Epoch 12/100 [Batch 261/438]
  Epoch 12/100 [Batch 348/438]
  Epoch 12/100 [Batch 435/438]
  Epoch 12/100 | Loss: 4.1813 [BEST]
  Epoch 13/100 [Batch 87/438]
  Epoch 13/100 [Batch 174/438]
  Epoch 13/100 [Batch 261/438]
  Epoch 13/100 [Batch 348/438]
  Epoch 13/100 [Batch 435/438]
  Epoch 13/100 | Loss: 4.1716 [BEST]
  Epoch 14/100 [Batch 87/438]
  Epoch 14/100 [Batch 174/438]
  Epoch 14/100 [Batch 261/438]
  Epoch 14/100 [Batch 348/438]
  Epoch 14/100 [Batch 435/438]
  Epoch 14/100 | Loss: 4.1268 [BEST]
  Epoch 15/100 [Batch 87/438]
  Epoch 15/100 [Batch 174/438]
  Epoch 15/100 [Batch 261/438]
  Epoch 15/100 [Batch 348/438]
  Epoch 15/100 [Batch 435/438]
  Epoch 15/100 | Loss: 4.0599 [BEST]
  Epoch 16/100 [Batch 87/438]
  Epoch 16/100 [Batch 174/438]
  Epoch 16/100 [Batch 261/438]
  Epoch 16/100 [Batch 348/438]
  Epoch 16/100 [Batch 435/438]
  Epoch 16/100 | Loss: 4.0879
  Epoch 17/100 [Batch 87/438]
  Epoch 17/100 [Batch 174/438]
  Epoch 17/100 [Batch 261/438]
  Epoch 17/100 [Batch 348/438]
  Epoch 17/100 [Batch 435/438]
  Epoch 17/100 | Loss: 3.9883 [BEST]
  Epoch 18/100 [Batch 87/438]
  Epoch 18/100 [Batch 174/438]
  Epoch 18/100 [Batch 261/438]
  Epoch 18/100 [Batch 348/438]
  Epoch 18/100 [Batch 435/438]
  Epoch 18/100 | Loss: 3.9809 [BEST]
  Epoch 19/100 [Batch 87/438]
  Epoch 19/100 [Batch 174/438]
  Epoch 19/100 [Batch 261/438]
  Epoch 19/100 [Batch 348/438]
  Epoch 19/100 [Batch 435/438]
  Epoch 19/100 | Loss: 3.9227 [BEST]
  Epoch 20/100 [Batch 87/438]
  Epoch 20/100 [Batch 174/438]
  Epoch 20/100 [Batch 261/438]
  Epoch 20/100 [Batch 348/438]
  Epoch 20/100 [Batch 435/438]
  Epoch 20/100 | Loss: 3.9411
  Epoch 21/100 [Batch 87/438]
  Epoch 21/100 [Batch 174/438]
  Epoch 21/100 [Batch 261/438]
  Epoch 21/100 [Batch 348/438]
  Epoch 21/100 [Batch 435/438]
  Epoch 21/100 | Loss: 3.8464 [BEST]
  Epoch 22/100 [Batch 87/438]
  Epoch 22/100 [Batch 174/438]
  Epoch 22/100 [Batch 261/438]
  Epoch 22/100 [Batch 348/438]
  Epoch 22/100 [Batch 435/438]
  Epoch 22/100 | Loss: 3.8326 [BEST]
  Epoch 23/100 [Batch 87/438]
  Epoch 23/100 [Batch 174/438]
  Epoch 23/100 [Batch 261/438]
  Epoch 23/100 [Batch 348/438]
  Epoch 23/100 [Batch 435/438]
  Epoch 23/100 | Loss: 3.7914 [BEST]
  Epoch 24/100 [Batch 87/438]
  Epoch 24/100 [Batch 174/438]
  Epoch 24/100 [Batch 261/438]
  Epoch 24/100 [Batch 348/438]
  Epoch 24/100 [Batch 435/438]
  Epoch 24/100 | Loss: 3.7636 [BEST]
  Epoch 25/100 [Batch 87/438]
  Epoch 25/100 [Batch 174/438]
  Epoch 25/100 [Batch 261/438]
  Epoch 25/100 [Batch 348/438]
  Epoch 25/100 [Batch 435/438]
  Epoch 25/100 | Loss: 3.7456 [BEST]
  Epoch 26/100 [Batch 87/438]
  Epoch 26/100 [Batch 174/438]
  Epoch 26/100 [Batch 261/438]
  Epoch 26/100 [Batch 348/438]
  Epoch 26/100 [Batch 435/438]
  Epoch 26/100 | Loss: 3.6913 [BEST]
  Epoch 27/100 [Batch 87/438]
  Epoch 27/100 [Batch 174/438]
  Epoch 27/100 [Batch 261/438]
  Epoch 27/100 [Batch 348/438]
  Epoch 27/100 [Batch 435/438]
  Epoch 27/100 | Loss: 3.6653 [BEST]
  Epoch 28/100 [Batch 87/438]
  Epoch 28/100 [Batch 174/438]
  Epoch 28/100 [Batch 261/438]
  Epoch 28/100 [Batch 348/438]
  Epoch 28/100 [Batch 435/438]
  Epoch 28/100 | Loss: 3.6412 [BEST]
  Epoch 29/100 [Batch 87/438]
  Epoch 29/100 [Batch 174/438]
  Epoch 29/100 [Batch 261/438]
  Epoch 29/100 [Batch 348/438]
  Epoch 29/100 [Batch 435/438]
  Epoch 29/100 | Loss: 3.6211 [BEST]
  Epoch 30/100 [Batch 87/438]
  Epoch 30/100 [Batch 174/438]
  Epoch 30/100 [Batch 261/438]
  Epoch 30/100 [Batch 348/438]
  Epoch 30/100 [Batch 435/438]
  Epoch 30/100 | Loss: 3.5868 [BEST]
  Epoch 31/100 [Batch 87/438]
  Epoch 31/100 [Batch 174/438]
  Epoch 31/100 [Batch 261/438]
  Epoch 31/100 [Batch 348/438]
  Epoch 31/100 [Batch 435/438]
  Epoch 31/100 | Loss: 3.5396 [BEST]
  Epoch 32/100 [Batch 87/438]
  Epoch 32/100 [Batch 174/438]
  Epoch 32/100 [Batch 261/438]
  Epoch 32/100 [Batch 348/438]
  Epoch 32/100 [Batch 435/438]
  Epoch 32/100 | Loss: 3.4915 [BEST]
  Epoch 33/100 [Batch 87/438]
  Epoch 33/100 [Batch 174/438]
  Epoch 33/100 [Batch 261/438]
  Epoch 33/100 [Batch 348/438]
  Epoch 33/100 [Batch 435/438]
  Epoch 33/100 | Loss: 3.4709 [BEST]
  Epoch 34/100 [Batch 87/438]
  Epoch 34/100 [Batch 174/438]
  Epoch 34/100 [Batch 261/438]
  Epoch 34/100 [Batch 348/438]
  Epoch 34/100 [Batch 435/438]
  Epoch 34/100 | Loss: 3.4445 [BEST]
  Epoch 35/100 [Batch 87/438]
  Epoch 35/100 [Batch 174/438]
  Epoch 35/100 [Batch 261/438]
  Epoch 35/100 [Batch 348/438]
  Epoch 35/100 [Batch 435/438]
  Epoch 35/100 | Loss: 3.4190 [BEST]
  Epoch 36/100 [Batch 87/438]
  Epoch 36/100 [Batch 174/438]
  Epoch 36/100 [Batch 261/438]
  Epoch 36/100 [Batch 348/438]
  Epoch 36/100 [Batch 435/438]
  Epoch 36/100 | Loss: 3.4022 [BEST]
  Epoch 37/100 [Batch 87/438]
  Epoch 37/100 [Batch 174/438]
  Epoch 37/100 [Batch 261/438]
  Epoch 37/100 [Batch 348/438]
  Epoch 37/100 [Batch 435/438]
  Epoch 37/100 | Loss: 3.3474 [BEST]
  Epoch 38/100 [Batch 87/438]
  Epoch 38/100 [Batch 174/438]
  Epoch 38/100 [Batch 261/438]
  Epoch 38/100 [Batch 348/438]
  Epoch 38/100 [Batch 435/438]
  Epoch 38/100 | Loss: 3.3360 [BEST]
  Epoch 39/100 [Batch 87/438]
  Epoch 39/100 [Batch 174/438]
  Epoch 39/100 [Batch 261/438]
  Epoch 39/100 [Batch 348/438]
  Epoch 39/100 [Batch 435/438]
  Epoch 39/100 | Loss: 3.2752 [BEST]
  Epoch 40/100 [Batch 87/438]
  Epoch 40/100 [Batch 174/438]
  Epoch 40/100 [Batch 261/438]
  Epoch 40/100 [Batch 348/438]
  Epoch 40/100 [Batch 435/438]
  Epoch 40/100 | Loss: 3.2469 [BEST]
  Epoch 41/100 [Batch 87/438]
  Epoch 41/100 [Batch 174/438]
  Epoch 41/100 [Batch 261/438]
  Epoch 41/100 [Batch 348/438]
  Epoch 41/100 [Batch 435/438]
  Epoch 41/100 | Loss: 3.2158 [BEST]
  Epoch 42/100 [Batch 87/438]
  Epoch 42/100 [Batch 174/438]
  Epoch 42/100 [Batch 261/438]
  Epoch 42/100 [Batch 348/438]
  Epoch 42/100 [Batch 435/438]
  Epoch 42/100 | Loss: 3.2058 [BEST]
  Epoch 43/100 [Batch 87/438]
  Epoch 43/100 [Batch 174/438]
  Epoch 43/100 [Batch 261/438]
  Epoch 43/100 [Batch 348/438]
  Epoch 43/100 [Batch 435/438]
  Epoch 43/100 | Loss: 3.1719 [BEST]
  Epoch 44/100 [Batch 87/438]
  Epoch 44/100 [Batch 174/438]
  Epoch 44/100 [Batch 261/438]
  Epoch 44/100 [Batch 348/438]
  Epoch 44/100 [Batch 435/438]
  Epoch 44/100 | Loss: 3.1309 [BEST]
  Epoch 45/100 [Batch 87/438]
  Epoch 45/100 [Batch 174/438]
  Epoch 45/100 [Batch 261/438]
  Epoch 45/100 [Batch 348/438]
  Epoch 45/100 [Batch 435/438]
  Epoch 45/100 | Loss: 3.0789 [BEST]
  Epoch 46/100 [Batch 87/438]
  Epoch 46/100 [Batch 174/438]
  Epoch 46/100 [Batch 261/438]
  Epoch 46/100 [Batch 348/438]
  Epoch 46/100 [Batch 435/438]
  Epoch 46/100 | Loss: 3.0745 [BEST]
  Epoch 47/100 [Batch 87/438]
  Epoch 47/100 [Batch 174/438]
  Epoch 47/100 [Batch 261/438]
  Epoch 47/100 [Batch 348/438]
  Epoch 47/100 [Batch 435/438]
  Epoch 47/100 | Loss: 3.0133 [BEST]
  Epoch 48/100 [Batch 87/438]
  Epoch 48/100 [Batch 174/438]
  Epoch 48/100 [Batch 261/438]
  Epoch 48/100 [Batch 348/438]
  Epoch 48/100 [Batch 435/438]
  Epoch 48/100 | Loss: 3.0034 [BEST]
  Epoch 49/100 [Batch 87/438]
  Epoch 49/100 [Batch 174/438]
  Epoch 49/100 [Batch 261/438]
  Epoch 49/100 [Batch 348/438]
  Epoch 49/100 [Batch 435/438]
  Epoch 49/100 | Loss: 2.9661 [BEST]
  Epoch 50/100 [Batch 87/438]
  Epoch 50/100 [Batch 174/438]
  Epoch 50/100 [Batch 261/438]
  Epoch 50/100 [Batch 348/438]
  Epoch 50/100 [Batch 435/438]
  Epoch 50/100 | Loss: 2.9478 [BEST]
  Epoch 51/100 [Batch 87/438]
  Epoch 51/100 [Batch 174/438]
  Epoch 51/100 [Batch 261/438]
  Epoch 51/100 [Batch 348/438]
  Epoch 51/100 [Batch 435/438]
  Epoch 51/100 | Loss: 2.8948 [BEST]
  Epoch 52/100 [Batch 87/438]
  Epoch 52/100 [Batch 174/438]
  Epoch 52/100 [Batch 261/438]
  Epoch 52/100 [Batch 348/438]
  Epoch 52/100 [Batch 435/438]
  Epoch 52/100 | Loss: 2.8852 [BEST]
  Epoch 53/100 [Batch 87/438]
  Epoch 53/100 [Batch 174/438]
  Epoch 53/100 [Batch 261/438]
  Epoch 53/100 [Batch 348/438]
  Epoch 53/100 [Batch 435/438]
  Epoch 53/100 | Loss: 2.8117 [BEST]
  Epoch 54/100 [Batch 87/438]
  Epoch 54/100 [Batch 174/438]
  Epoch 54/100 [Batch 261/438]
  Epoch 54/100 [Batch 348/438]
  Epoch 54/100 [Batch 435/438]
  Epoch 54/100 | Loss: 2.7889 [BEST]
  Epoch 55/100 [Batch 87/438]
  Epoch 55/100 [Batch 174/438]
  Epoch 55/100 [Batch 261/438]
  Epoch 55/100 [Batch 348/438]
  Epoch 55/100 [Batch 435/438]
  Epoch 55/100 | Loss: 2.7746 [BEST]
  Epoch 56/100 [Batch 87/438]
  Epoch 56/100 [Batch 174/438]
  Epoch 56/100 [Batch 261/438]
  Epoch 56/100 [Batch 348/438]
  Epoch 56/100 [Batch 435/438]
  Epoch 56/100 | Loss: 2.7440 [BEST]
  Epoch 57/100 [Batch 87/438]
  Epoch 57/100 [Batch 174/438]
  Epoch 57/100 [Batch 261/438]
  Epoch 57/100 [Batch 348/438]
  Epoch 57/100 [Batch 435/438]
  Epoch 57/100 | Loss: 2.6853 [BEST]
  Epoch 58/100 [Batch 87/438]
  Epoch 58/100 [Batch 174/438]
  Epoch 58/100 [Batch 261/438]
  Epoch 58/100 [Batch 348/438]
  Epoch 58/100 [Batch 435/438]
  Epoch 58/100 | Loss: 2.6956
  Epoch 59/100 [Batch 87/438]
  Epoch 59/100 [Batch 174/438]
  Epoch 59/100 [Batch 261/438]
  Epoch 59/100 [Batch 348/438]
  Epoch 59/100 [Batch 435/438]
  Epoch 59/100 | Loss: 2.6261 [BEST]
  Epoch 60/100 [Batch 87/438]
  Epoch 60/100 [Batch 174/438]
  Epoch 60/100 [Batch 261/438]
  Epoch 60/100 [Batch 348/438]
  Epoch 60/100 [Batch 435/438]
  Epoch 60/100 | Loss: 2.6123 [BEST]
  Epoch 61/100 [Batch 87/438]
  Epoch 61/100 [Batch 174/438]
  Epoch 61/100 [Batch 261/438]
  Epoch 61/100 [Batch 348/438]
  Epoch 61/100 [Batch 435/438]
  Epoch 61/100 | Loss: 2.5759 [BEST]
  Epoch 62/100 [Batch 87/438]
  Epoch 62/100 [Batch 174/438]
  Epoch 62/100 [Batch 261/438]
  Epoch 62/100 [Batch 348/438]
  Epoch 62/100 [Batch 435/438]
  Epoch 62/100 | Loss: 2.5611 [BEST]
  Epoch 63/100 [Batch 87/438]
  Epoch 63/100 [Batch 174/438]
  Epoch 63/100 [Batch 261/438]
  Epoch 63/100 [Batch 348/438]
  Epoch 63/100 [Batch 435/438]
  Epoch 63/100 | Loss: 2.5058 [BEST]
  Epoch 64/100 [Batch 87/438]
  Epoch 64/100 [Batch 174/438]
  Epoch 64/100 [Batch 261/438]
  Epoch 64/100 [Batch 348/438]
  Epoch 64/100 [Batch 435/438]
  Epoch 64/100 | Loss: 2.5002 [BEST]
  Epoch 65/100 [Batch 87/438]
  Epoch 65/100 [Batch 174/438]
  Epoch 65/100 [Batch 261/438]
  Epoch 65/100 [Batch 348/438]
  Epoch 65/100 [Batch 435/438]
  Epoch 65/100 | Loss: 2.4560 [BEST]
  Epoch 66/100 [Batch 87/438]
  Epoch 66/100 [Batch 174/438]
  Epoch 66/100 [Batch 261/438]
  Epoch 66/100 [Batch 348/438]
  Epoch 66/100 [Batch 435/438]
  Epoch 66/100 | Loss: 2.4088 [BEST]
  Epoch 67/100 [Batch 87/438]
  Epoch 67/100 [Batch 174/438]
  Epoch 67/100 [Batch 261/438]
  Epoch 67/100 [Batch 348/438]
  Epoch 67/100 [Batch 435/438]
  Epoch 67/100 | Loss: 2.4066 [BEST]
  Epoch 68/100 [Batch 87/438]
  Epoch 68/100 [Batch 174/438]
  Epoch 68/100 [Batch 261/438]
  Epoch 68/100 [Batch 348/438]
  Epoch 68/100 [Batch 435/438]
  Epoch 68/100 | Loss: 2.3697 [BEST]
  Epoch 69/100 [Batch 87/438]
  Epoch 69/100 [Batch 174/438]
  Epoch 69/100 [Batch 261/438]
  Epoch 69/100 [Batch 348/438]
  Epoch 69/100 [Batch 435/438]
  Epoch 69/100 | Loss: 2.3248 [BEST]
  Epoch 70/100 [Batch 87/438]
  Epoch 70/100 [Batch 174/438]
  Epoch 70/100 [Batch 261/438]
  Epoch 70/100 [Batch 348/438]
  Epoch 70/100 [Batch 435/438]
  Epoch 70/100 | Loss: 2.3144 [BEST]
  Epoch 71/100 [Batch 87/438]
  Epoch 71/100 [Batch 174/438]
  Epoch 71/100 [Batch 261/438]
  Epoch 71/100 [Batch 348/438]
  Epoch 71/100 [Batch 435/438]
  Epoch 71/100 | Loss: 2.2817 [BEST]
  Epoch 72/100 [Batch 87/438]
  Epoch 72/100 [Batch 174/438]
  Epoch 72/100 [Batch 261/438]
  Epoch 72/100 [Batch 348/438]
  Epoch 72/100 [Batch 435/438]
  Epoch 72/100 | Loss: 2.2454 [BEST]
  Epoch 73/100 [Batch 87/438]
  Epoch 73/100 [Batch 174/438]
  Epoch 73/100 [Batch 261/438]
  Epoch 73/100 [Batch 348/438]
  Epoch 73/100 [Batch 435/438]
  Epoch 73/100 | Loss: 2.2178 [BEST]
  Epoch 74/100 [Batch 87/438]
  Epoch 74/100 [Batch 174/438]
  Epoch 74/100 [Batch 261/438]
  Epoch 74/100 [Batch 348/438]
  Epoch 74/100 [Batch 435/438]
  Epoch 74/100 | Loss: 2.2086 [BEST]
  Epoch 75/100 [Batch 87/438]
  Epoch 75/100 [Batch 174/438]
  Epoch 75/100 [Batch 261/438]
  Epoch 75/100 [Batch 348/438]
  Epoch 75/100 [Batch 435/438]
  Epoch 75/100 | Loss: 2.1833 [BEST]
  Epoch 76/100 [Batch 87/438]
  Epoch 76/100 [Batch 174/438]
  Epoch 76/100 [Batch 261/438]
  Epoch 76/100 [Batch 348/438]
  Epoch 76/100 [Batch 435/438]
  Epoch 76/100 | Loss: 2.1646 [BEST]
  Epoch 77/100 [Batch 87/438]
  Epoch 77/100 [Batch 174/438]
  Epoch 77/100 [Batch 261/438]
  Epoch 77/100 [Batch 348/438]
  Epoch 77/100 [Batch 435/438]
  Epoch 77/100 | Loss: 2.1309 [BEST]
  Epoch 78/100 [Batch 87/438]
  Epoch 78/100 [Batch 174/438]
  Epoch 78/100 [Batch 261/438]
  Epoch 78/100 [Batch 348/438]
  Epoch 78/100 [Batch 435/438]
  Epoch 78/100 | Loss: 2.1087 [BEST]
  Epoch 79/100 [Batch 87/438]
  Epoch 79/100 [Batch 174/438]
  Epoch 79/100 [Batch 261/438]
  Epoch 79/100 [Batch 348/438]
  Epoch 79/100 [Batch 435/438]
  Epoch 79/100 | Loss: 2.0879 [BEST]
  Epoch 80/100 [Batch 87/438]
  Epoch 80/100 [Batch 174/438]
  Epoch 80/100 [Batch 261/438]
  Epoch 80/100 [Batch 348/438]
  Epoch 80/100 [Batch 435/438]
  Epoch 80/100 | Loss: 2.0658 [BEST]
  Epoch 81/100 [Batch 87/438]
  Epoch 81/100 [Batch 174/438]
  Epoch 81/100 [Batch 261/438]
  Epoch 81/100 [Batch 348/438]
  Epoch 81/100 [Batch 435/438]
  Epoch 81/100 | Loss: 2.0330 [BEST]
  Epoch 82/100 [Batch 87/438]
  Epoch 82/100 [Batch 174/438]
  Epoch 82/100 [Batch 261/438]
  Epoch 82/100 [Batch 348/438]
  Epoch 82/100 [Batch 435/438]
  Epoch 82/100 | Loss: 2.0216 [BEST]
  Epoch 83/100 [Batch 87/438]
  Epoch 83/100 [Batch 174/438]
  Epoch 83/100 [Batch 261/438]
  Epoch 83/100 [Batch 348/438]
  Epoch 83/100 [Batch 435/438]
  Epoch 83/100 | Loss: 2.0143 [BEST]
  Epoch 84/100 [Batch 87/438]
  Epoch 84/100 [Batch 174/438]
  Epoch 84/100 [Batch 261/438]
  Epoch 84/100 [Batch 348/438]
  Epoch 84/100 [Batch 435/438]
  Epoch 84/100 | Loss: 2.0073 [BEST]
  Epoch 85/100 [Batch 87/438]
  Epoch 85/100 [Batch 174/438]
  Epoch 85/100 [Batch 261/438]
  Epoch 85/100 [Batch 348/438]
  Epoch 85/100 [Batch 435/438]
  Epoch 85/100 | Loss: 1.9906 [BEST]
  Epoch 86/100 [Batch 87/438]
  Epoch 86/100 [Batch 174/438]
  Epoch 86/100 [Batch 261/438]
  Epoch 86/100 [Batch 348/438]
  Epoch 86/100 [Batch 435/438]
  Epoch 86/100 | Loss: 1.9743 [BEST]
  Epoch 87/100 [Batch 87/438]
  Epoch 87/100 [Batch 174/438]
  Epoch 87/100 [Batch 261/438]
  Epoch 87/100 [Batch 348/438]
  Epoch 87/100 [Batch 435/438]
  Epoch 87/100 | Loss: 1.9564 [BEST]
  Epoch 88/100 [Batch 87/438]
  Epoch 88/100 [Batch 174/438]
  Epoch 88/100 [Batch 261/438]
  Epoch 88/100 [Batch 348/438]
  Epoch 88/100 [Batch 435/438]
  Epoch 88/100 | Loss: 1.9392 [BEST]
  Epoch 89/100 [Batch 87/438]
  Epoch 89/100 [Batch 174/438]
  Epoch 89/100 [Batch 261/438]
  Epoch 89/100 [Batch 348/438]
  Epoch 89/100 [Batch 435/438]
  Epoch 89/100 | Loss: 1.9354 [BEST]
  Epoch 90/100 [Batch 87/438]
  Epoch 90/100 [Batch 174/438]
  Epoch 90/100 [Batch 261/438]
  Epoch 90/100 [Batch 348/438]
  Epoch 90/100 [Batch 435/438]
  Epoch 90/100 | Loss: 1.9206 [BEST]
  Epoch 91/100 [Batch 87/438]
  Epoch 91/100 [Batch 174/438]
  Epoch 91/100 [Batch 261/438]
  Epoch 91/100 [Batch 348/438]
  Epoch 91/100 [Batch 435/438]
  Epoch 91/100 | Loss: 1.9141 [BEST]
  Epoch 92/100 [Batch 87/438]
  Epoch 92/100 [Batch 174/438]
  Epoch 92/100 [Batch 261/438]
  Epoch 92/100 [Batch 348/438]
  Epoch 92/100 [Batch 435/438]
  Epoch 92/100 | Loss: 1.9084 [BEST]
  Epoch 93/100 [Batch 87/438]
  Epoch 93/100 [Batch 174/438]
  Epoch 93/100 [Batch 261/438]
  Epoch 93/100 [Batch 348/438]
  Epoch 93/100 [Batch 435/438]
  Epoch 93/100 | Loss: 1.9054 [BEST]
  Epoch 94/100 [Batch 87/438]
  Epoch 94/100 [Batch 174/438]
  Epoch 94/100 [Batch 261/438]
  Epoch 94/100 [Batch 348/438]
  Epoch 94/100 [Batch 435/438]
  Epoch 94/100 | Loss: 1.8906 [BEST]
  Epoch 95/100 [Batch 87/438]
  Epoch 95/100 [Batch 174/438]
  Epoch 95/100 [Batch 261/438]
  Epoch 95/100 [Batch 348/438]
  Epoch 95/100 [Batch 435/438]
  Epoch 95/100 | Loss: 1.9009
  Epoch 96/100 [Batch 87/438]
  Epoch 96/100 [Batch 174/438]
  Epoch 96/100 [Batch 261/438]
  Epoch 96/100 [Batch 348/438]
  Epoch 96/100 [Batch 435/438]
  Epoch 96/100 | Loss: 1.8762 [BEST]
  Epoch 97/100 [Batch 87/438]
  Epoch 97/100 [Batch 174/438]
  Epoch 97/100 [Batch 261/438]
  Epoch 97/100 [Batch 348/438]
  Epoch 97/100 [Batch 435/438]
  Epoch 97/100 | Loss: 1.8821
  Epoch 98/100 [Batch 87/438]
  Epoch 98/100 [Batch 174/438]
  Epoch 98/100 [Batch 261/438]
  Epoch 98/100 [Batch 348/438]
  Epoch 98/100 [Batch 435/438]
  Epoch 98/100 | Loss: 1.8808
  Epoch 99/100 [Batch 87/438]
  Epoch 99/100 [Batch 174/438]
  Epoch 99/100 [Batch 261/438]
  Epoch 99/100 [Batch 348/438]
  Epoch 99/100 [Batch 435/438]
  Epoch 99/100 | Loss: 1.8953
  Epoch 100/100 [Batch 87/438]
  Epoch 100/100 [Batch 174/438]
  Epoch 100/100 [Batch 261/438]
  Epoch 100/100 [Batch 348/438]
  Epoch 100/100 [Batch 435/438]
  Epoch 100/100 | Loss: 1.8801/home/heng/FYP/train_ssd_all.py:695: FutureWarning: `torch.cuda.amp.GradScaler(args...)` is deprecated. Please use `torch.amp.GradScaler('cuda', args...)` instead.
  scaler = GradScaler()


  Training complete: 258.4 min  (100 epochs)

  Evaluating on test split (750 images)...
  [DEBUG] GT: 750 images, 11307 annotations
  [DEBUG] DT: 149985 predictions
  [DEBUG] mAP@0.5=0.3445, mAP@0.5:0.95=0.1394
  [DEBUG] Precision=0.6621, Recall=0.3493, F1=0.4573

  Measuring inference speed ...

======================================================================
  EXPERIMENT 23 — SSD300 (VGG16) on SHEL5K
======================================================================

  SETUP
    Model            : SSD300 (VGG16, PyTorch)
    Dataset          : SHEL5K
    Classes ( 7)      : ['helmet', 'head_with_helmet', 'person_with_helmet', 'face', 'head', 'person_no_helmet', 'person']
    Epochs trained   : 100  (max=100, patience=20)
    Training time    : 258.4 min
    GPU              : NVIDIA GeForce RTX 4050 Laptop GPU

  TEST SET METRICS
    mAP@0.5          : 0.3445  (34.45%)
    mAP@0.5:0.95     : 0.1394  (13.94%)
    Precision        : 0.6621  (66.21%)
    Recall           : 0.3493  (34.93%)
    F1               : 0.4573

  INFERENCE (single image, GPU, 640×640)
    Avg latency      : 19.47 ms
    FPS              : 51.3

  PER-CLASS AP@0.5
    helmet                  : 0.4109  (41.09%)
    head_with_helmet        : 0.4521  (45.21%)
    person_with_helmet      : 0.4965  (49.65%)
    face                    : 0.1591  (15.91%)
    head                    : 0.3881  (38.81%)
    person_no_helmet        : 0.5047  (50.47%)
    person                  : 0.0000  (0.00%)

  TRAINING CONFIG (IDENTICAL TO YOLO)
    Batch / Img size : 8 / 640×640
    Optimizer        : SGD  lr0=0.01  momentum=0.937
    Weight decay     : 0.0005  |  Seed: 42
    AMP              : True
    LR scheduler     : Cosine annealing

  Weights  : /home/heng/FYP/results/SSD/exp23_ssd_shel5k/weights/best.pth
  Run dir  : /home/heng/FYP/results/SSD/exp23_ssd_shel5k
======================================================================

  Saved → /home/heng/FYP/results/SSD/exp23_ssd_shel5k/metrics.txt

──────────────────────────────────────────────────────────────────────
  Resolving dataset: SH17 ...

======================================================================
  EXP 24 — SSD300 (VGG16) | SH17
======================================================================
  results   : /home/heng/FYP/results/SSD/exp24_ssd_sh17
  classes   : 17 → ['person', 'ear', 'ear-mufs', 'face', 'face-guard', 'face-mask', 'foot', 'tool', 'glasses', 'gloves', 'helmet', 'hands', 'head', 'medical-suit', 'shoes', 'safety-suit', 'safety-vest']
  GPU       : NVIDIA GeForce RTX 4050 Laptop GPU
  GPU temp  : 61°C

  Building datasets...
  Train: 6479 | Val: 1296 | Test: 324
  Starting training for 100 epochs...
  Epoch 1/100 [Batch 162/810]
  Epoch 1/100 [Batch 324/810]
  Epoch 1/100 [Batch 486/810]
  Epoch 1/100 [Batch 648/810]
  Epoch 1/100 [Batch 810/810]
  Epoch 1/100 | Loss: 6.1119 [BEST]
  Epoch 2/100 [Batch 162/810]
  Epoch 2/100 [Batch 324/810]
  Epoch 2/100 [Batch 486/810]
  Epoch 2/100 [Batch 648/810]
  Epoch 2/100 [Batch 810/810]
  Epoch 2/100 | Loss: 5.2267 [BEST]
  Epoch 3/100 [Batch 162/810]
  Epoch 3/100 [Batch 324/810]
  Epoch 3/100 [Batch 486/810]
  Epoch 3/100 [Batch 648/810]
  Epoch 3/100 [Batch 810/810]
  Epoch 3/100 | Loss: 5.0179 [BEST]
  Epoch 4/100 [Batch 162/810]
  Epoch 4/100 [Batch 324/810]
  Epoch 4/100 [Batch 486/810]
  Epoch 4/100 [Batch 648/810]
  Epoch 4/100 [Batch 810/810]
  Epoch 4/100 | Loss: 4.8880 [BEST]
  Epoch 5/100 [Batch 162/810]
  Epoch 5/100 [Batch 324/810]
  Epoch 5/100 [Batch 486/810]
  Epoch 5/100 [Batch 648/810]
  Epoch 5/100 [Batch 810/810]
  Epoch 5/100 | Loss: 4.8107 [BEST]
  Epoch 6/100 [Batch 162/810]
  Epoch 6/100 [Batch 324/810]
  Epoch 6/100 [Batch 486/810]
  Epoch 6/100 [Batch 648/810]
  Epoch 6/100 [Batch 810/810]
  Epoch 6/100 | Loss: 4.7251 [BEST]
  Epoch 7/100 [Batch 162/810]
  Epoch 7/100 [Batch 324/810]
  Epoch 7/100 [Batch 486/810]
  Epoch 7/100 [Batch 648/810]
  Epoch 7/100 [Batch 810/810]
  Epoch 7/100 | Loss: 4.6805 [BEST]
  Epoch 8/100 [Batch 162/810]
  Epoch 8/100 [Batch 324/810]
  Epoch 8/100 [Batch 486/810]
  Epoch 8/100 [Batch 648/810]
  Epoch 8/100 [Batch 810/810]
  Epoch 8/100 | Loss: 4.6616 [BEST]
  Epoch 9/100 [Batch 162/810]
  Epoch 9/100 [Batch 324/810]
  Epoch 9/100 [Batch 486/810]
  Epoch 9/100 [Batch 648/810]
  Epoch 9/100 [Batch 810/810]
  Epoch 9/100 | Loss: 4.6456 [BEST]
  Epoch 10/100 [Batch 162/810]
  Epoch 10/100 [Batch 324/810]
  Epoch 10/100 [Batch 486/810]
  Epoch 10/100 [Batch 648/810]
  Epoch 10/100 [Batch 810/810]
  Epoch 10/100 | Loss: 4.6373 [BEST]
  Epoch 11/100 [Batch 162/810]
  Epoch 11/100 [Batch 324/810]
  Epoch 11/100 [Batch 486/810]
  Epoch 11/100 [Batch 648/810]
  Epoch 11/100 [Batch 810/810]
  Epoch 11/100 | Loss: 4.6414
  Epoch 12/100 [Batch 162/810]
  Epoch 12/100 [Batch 324/810]
  Epoch 12/100 [Batch 486/810]
  Epoch 12/100 [Batch 648/810]
  Epoch 12/100 [Batch 810/810]
  Epoch 12/100 | Loss: 4.6339 [BEST]
  Epoch 13/100 [Batch 162/810]
  Epoch 13/100 [Batch 324/810]
  Epoch 13/100 [Batch 486/810]
  Epoch 13/100 [Batch 648/810]
  Epoch 13/100 [Batch 810/810]
  Epoch 13/100 | Loss: 4.6086 [BEST]
  Epoch 14/100 [Batch 162/810]
  Epoch 14/100 [Batch 324/810]
  Epoch 14/100 [Batch 486/810]
  Epoch 14/100 [Batch 648/810]
  Epoch 14/100 [Batch 810/810]
  Epoch 14/100 | Loss: 4.6027 [BEST]
  Epoch 15/100 [Batch 162/810]
  Epoch 15/100 [Batch 324/810]
  Epoch 15/100 [Batch 486/810]
  Epoch 15/100 [Batch 648/810]
  Epoch 15/100 [Batch 810/810]
  Epoch 15/100 | Loss: 4.6260
  Epoch 16/100 [Batch 162/810]
  Epoch 16/100 [Batch 324/810]
  Epoch 16/100 [Batch 486/810]
  Epoch 16/100 [Batch 648/810]
  Epoch 16/100 [Batch 810/810]
  Epoch 16/100 | Loss: 4.6065
  Epoch 17/100 [Batch 162/810]
  Epoch 17/100 [Batch 324/810]
