/home/heng/FYP/train_ssd_all.py:693: FutureWarning: `torch.cuda.amp.GradScaler(args...)` is deprecated. Please use `torch.amp.GradScaler('cuda', args...)` instead.
  scaler = GradScaler()
======================================================================
  SSD300 — All Experiments (YOLO Configuration)
======================================================================
  Running  : ['CHVG', 'SHEL5K', 'SH17', 'SFCHD']
  Config   : Batch=8, ImgSz=640×640, LR=0.01, SGD(momentum=0.937)
  GPU      : NVIDIA GeForce RTX 4050 Laptop GPU
  VRAM     : 6.1 GB
  GPU temp : 46°C


──────────────────────────────────────────────────────────────────────
  Resolving dataset: CHVG ...

======================================================================
  EXP 22 — SSD300 (VGG16) | CHVG
======================================================================
  results   : /home/heng/FYP/results/SSD/exp22_ssd_chvg
  classes   : 8 → ['person', 'vest', 'white', 'yellow', 'head', 'blue', 'glass', 'red']
  GPU       : NVIDIA GeForce RTX 4050 Laptop GPU
  GPU temp  : 46°C

  Building datasets...
  Train: 1189 | Val: 254 | Test: 256
  Starting training for 100 epochs...
  Epoch 1/100 [Batch 29/149]
  Epoch 1/100 [Batch 58/149]
  Epoch 1/100 [Batch 87/149]
  Epoch 1/100 [Batch 116/149]
  Epoch 1/100 [Batch 145/149]
  Epoch 1/100 | Loss: 5.8114 [BEST]
  Epoch 2/100 [Batch 29/149]
  Epoch 2/100 [Batch 58/149]
  Epoch 2/100 [Batch 87/149]
  Epoch 2/100 [Batch 116/149]
  Epoch 2/100 [Batch 145/149]
  Epoch 2/100 | Loss: 4.5993 [BEST]
  Epoch 3/100 [Batch 29/149]
  Epoch 3/100 [Batch 58/149]
  Epoch 3/100 [Batch 87/149]
  Epoch 3/100 [Batch 116/149]
  Epoch 3/100 [Batch 145/149]
  Epoch 3/100 | Loss: 4.2902 [BEST]
  Epoch 4/100 [Batch 29/149]
  Epoch 4/100 [Batch 58/149]
  Epoch 4/100 [Batch 87/149]
  Epoch 4/100 [Batch 116/149]
  Epoch 4/100 [Batch 145/149]
  Epoch 4/100 | Loss: 4.1034 [BEST]
  Epoch 5/100 [Batch 29/149]
  Epoch 5/100 [Batch 58/149]
  Epoch 5/100 [Batch 87/149]
  Epoch 5/100 [Batch 116/149]
  Epoch 5/100 [Batch 145/149]
  Epoch 5/100 | Loss: 3.9496 [BEST]
  Epoch 6/100 [Batch 29/149]
  Epoch 6/100 [Batch 58/149]
  Epoch 6/100 [Batch 87/149]
  Epoch 6/100 [Batch 116/149]
  Epoch 6/100 [Batch 145/149]
  Epoch 6/100 | Loss: 3.7612 [BEST]
  Epoch 7/100 [Batch 29/149]
  Epoch 7/100 [Batch 58/149]
  Epoch 7/100 [Batch 87/149]
  Epoch 7/100 [Batch 116/149]
  Epoch 7/100 [Batch 145/149]
  Epoch 7/100 | Loss: 3.6553 [BEST]
  Epoch 8/100 [Batch 29/149]
  Epoch 8/100 [Batch 58/149]
  Epoch 8/100 [Batch 87/149]
  Epoch 8/100 [Batch 116/149]
  Epoch 8/100 [Batch 145/149]
  Epoch 8/100 | Loss: 3.5536 [BEST]
  Epoch 9/100 [Batch 29/149]
  Epoch 9/100 [Batch 58/149]
  Epoch 9/100 [Batch 87/149]
  Epoch 9/100 [Batch 116/149]
  Epoch 9/100 [Batch 145/149]
  Epoch 9/100 | Loss: 3.4418 [BEST]
  Epoch 10/100 [Batch 29/149]
  Epoch 10/100 [Batch 58/149]
  Epoch 10/100 [Batch 87/149]
  Epoch 10/100 [Batch 116/149]
  Epoch 10/100 [Batch 145/149]
  Epoch 10/100 | Loss: 3.3645 [BEST]
  Epoch 11/100 [Batch 29/149]
  Epoch 11/100 [Batch 58/149]
  Epoch 11/100 [Batch 87/149]
  Epoch 11/100 [Batch 116/149]
  Epoch 11/100 [Batch 145/149]
  Epoch 11/100 | Loss: 3.2579 [BEST]
  Epoch 12/100 [Batch 29/149]
  Epoch 12/100 [Batch 58/149]
  Epoch 12/100 [Batch 87/149]
  Epoch 12/100 [Batch 116/149]
  Epoch 12/100 [Batch 145/149]
  Epoch 12/100 | Loss: 3.1868 [BEST]
  Epoch 13/100 [Batch 29/149]
  Epoch 13/100 [Batch 58/149]
  Epoch 13/100 [Batch 87/149]
  Epoch 13/100 [Batch 116/149]
  Epoch 13/100 [Batch 145/149]
  Epoch 13/100 | Loss: 3.0313 [BEST]
  Epoch 14/100 [Batch 29/149]
  Epoch 14/100 [Batch 58/149]
  Epoch 14/100 [Batch 87/149]
  Epoch 14/100 [Batch 116/149]
  Epoch 14/100 [Batch 145/149]
  Epoch 14/100 | Loss: 2.9877 [BEST]
  Epoch 15/100 [Batch 29/149]
  Epoch 15/100 [Batch 58/149]
  Epoch 15/100 [Batch 87/149]
  Epoch 15/100 [Batch 116/149]
  Epoch 15/100 [Batch 145/149]
  Epoch 15/100 | Loss: 2.8581 [BEST]
  Epoch 16/100 [Batch 29/149]
  Epoch 16/100 [Batch 58/149]
  Epoch 16/100 [Batch 87/149]
  Epoch 16/100 [Batch 116/149]
  Epoch 16/100 [Batch 145/149]
  Epoch 16/100 | Loss: 2.8163 [BEST]
  Epoch 17/100 [Batch 29/149]
  Epoch 17/100 [Batch 58/149]
  Epoch 17/100 [Batch 87/149]
  Epoch 17/100 [Batch 116/149]
  Epoch 17/100 [Batch 145/149]
  Epoch 17/100 | Loss: 2.7447 [BEST]
  Epoch 18/100 [Batch 29/149]
  Epoch 18/100 [Batch 58/149]
  Epoch 18/100 [Batch 87/149]
  Epoch 18/100 [Batch 116/149]
  Epoch 18/100 [Batch 145/149]
  Epoch 18/100 | Loss: 2.6789 [BEST]
  Epoch 19/100 [Batch 29/149]
  Epoch 19/100 [Batch 58/149]
  Epoch 19/100 [Batch 87/149]
  Epoch 19/100 [Batch 116/149]
  Epoch 19/100 [Batch 145/149]
  Epoch 19/100 | Loss: 2.5811 [BEST]
  Epoch 20/100 [Batch 29/149]
  Epoch 20/100 [Batch 58/149]
  Epoch 20/100 [Batch 87/149]
  Epoch 20/100 [Batch 116/149]
  Epoch 20/100 [Batch 145/149]
  Epoch 20/100 | Loss: 2.5582 [BEST]
  Epoch 21/100 [Batch 29/149]
  Epoch 21/100 [Batch 58/149]
  Epoch 21/100 [Batch 87/149]
  Epoch 21/100 [Batch 116/149]
  Epoch 21/100 [Batch 145/149]
  Epoch 21/100 | Loss: 2.4419 [BEST]
  Epoch 22/100 [Batch 29/149]
  Epoch 22/100 [Batch 58/149]
  Epoch 22/100 [Batch 87/149]
  Epoch 22/100 [Batch 116/149]
  Epoch 22/100 [Batch 145/149]
  Epoch 22/100 | Loss: 2.3925 [BEST]
  Epoch 23/100 [Batch 29/149]
  Epoch 23/100 [Batch 58/149]
  Epoch 23/100 [Batch 87/149]
  Epoch 23/100 [Batch 116/149]
  Epoch 23/100 [Batch 145/149]
  Epoch 23/100 | Loss: 2.3840 [BEST]
  Epoch 24/100 [Batch 29/149]
  Epoch 24/100 [Batch 58/149]
  Epoch 24/100 [Batch 87/149]
  Epoch 24/100 [Batch 116/149]
  Epoch 24/100 [Batch 145/149]
  Epoch 24/100 | Loss: 2.3185 [BEST]
  Epoch 25/100 [Batch 29/149]
  Epoch 25/100 [Batch 58/149]
  Epoch 25/100 [Batch 87/149]
  Epoch 25/100 [Batch 116/149]
  Epoch 25/100 [Batch 145/149]
  Epoch 25/100 | Loss: 2.2508 [BEST]
  Epoch 26/100 [Batch 29/149]
  Epoch 26/100 [Batch 58/149]
  Epoch 26/100 [Batch 87/149]
  Epoch 26/100 [Batch 116/149]
  Epoch 26/100 [Batch 145/149]
  Epoch 26/100 | Loss: 2.1719 [BEST]
  Epoch 27/100 [Batch 29/149]
  Epoch 27/100 [Batch 58/149]
  Epoch 27/100 [Batch 87/149]
  Epoch 27/100 [Batch 116/149]
  Epoch 27/100 [Batch 145/149]
  Epoch 27/100 | Loss: 2.1375 [BEST]
  Epoch 28/100 [Batch 29/149]
  Epoch 28/100 [Batch 58/149]
  Epoch 28/100 [Batch 87/149]
  Epoch 28/100 [Batch 116/149]
  Epoch 28/100 [Batch 145/149]
  Epoch 28/100 | Loss: 2.0967 [BEST]
  Epoch 29/100 [Batch 29/149]
  Epoch 29/100 [Batch 58/149]
  Epoch 29/100 [Batch 87/149]
  Epoch 29/100 [Batch 116/149]
  Epoch 29/100 [Batch 145/149]
  Epoch 29/100 | Loss: 2.1066
  Epoch 30/100 [Batch 29/149]
  Epoch 30/100 [Batch 58/149]
  Epoch 30/100 [Batch 87/149]
  Epoch 30/100 [Batch 116/149]
  Epoch 30/100 [Batch 145/149]
  Epoch 30/100 | Loss: 2.0597 [BEST]
  Epoch 31/100 [Batch 29/149]
  Epoch 31/100 [Batch 58/149]
  Epoch 31/100 [Batch 87/149]
  Epoch 31/100 [Batch 116/149]
  Epoch 31/100 [Batch 145/149]
  Epoch 31/100 | Loss: 1.9916 [BEST]
  Epoch 32/100 [Batch 29/149]
  Epoch 32/100 [Batch 58/149]
  Epoch 32/100 [Batch 87/149]
  Epoch 32/100 [Batch 116/149]
  Epoch 32/100 [Batch 145/149]
  Epoch 32/100 | Loss: 1.9143 [BEST]
  Epoch 33/100 [Batch 29/149]
  Epoch 33/100 [Batch 58/149]
  Epoch 33/100 [Batch 87/149]
  Epoch 33/100 [Batch 116/149]
  Epoch 33/100 [Batch 145/149]
  Epoch 33/100 | Loss: 1.9577
  Epoch 34/100 [Batch 29/149]
  Epoch 34/100 [Batch 58/149]
  Epoch 34/100 [Batch 87/149]
  Epoch 34/100 [Batch 116/149]
  Epoch 34/100 [Batch 145/149]
  Epoch 34/100 | Loss: 1.8908 [BEST]
  Epoch 35/100 [Batch 29/149]
  Epoch 35/100 [Batch 58/149]
  Epoch 35/100 [Batch 87/149]
  Epoch 35/100 [Batch 116/149]
  Epoch 35/100 [Batch 145/149]
  Epoch 35/100 | Loss: 1.8949
  Epoch 36/100 [Batch 29/149]
  Epoch 36/100 [Batch 58/149]
  Epoch 36/100 [Batch 87/149]
  Epoch 36/100 [Batch 116/149]
  Epoch 36/100 [Batch 145/149]
  Epoch 36/100 | Loss: 1.8464 [BEST]
  Epoch 37/100 [Batch 29/149]
  Epoch 37/100 [Batch 58/149]
  Epoch 37/100 [Batch 87/149]
  Epoch 37/100 [Batch 116/149]
  Epoch 37/100 [Batch 145/149]
  Epoch 37/100 | Loss: 1.7703 [BEST]
  Epoch 38/100 [Batch 29/149]
  Epoch 38/100 [Batch 58/149]
  Epoch 38/100 [Batch 87/149]
  Epoch 38/100 [Batch 116/149]
  Epoch 38/100 [Batch 145/149]
  Epoch 38/100 | Loss: 1.7615 [BEST]
  Epoch 39/100 [Batch 29/149]
  Epoch 39/100 [Batch 58/149]
  Epoch 39/100 [Batch 87/149]
  Epoch 39/100 [Batch 116/149]
  Epoch 39/100 [Batch 145/149]
  Epoch 39/100 | Loss: 1.7525 [BEST]
  Epoch 40/100 [Batch 29/149]
  Epoch 40/100 [Batch 58/149]
  Epoch 40/100 [Batch 87/149]
  Epoch 40/100 [Batch 116/149]
  Epoch 40/100 [Batch 145/149]
  Epoch 40/100 | Loss: 1.6993 [BEST]
  Epoch 41/100 [Batch 29/149]
  Epoch 41/100 [Batch 58/149]
  Epoch 41/100 [Batch 87/149]
  Epoch 41/100 [Batch 116/149]
  Epoch 41/100 [Batch 145/149]
  Epoch 41/100 | Loss: 1.6805 [BEST]
  Epoch 42/100 [Batch 29/149]
  Epoch 42/100 [Batch 58/149]
  Epoch 42/100 [Batch 87/149]
  Epoch 42/100 [Batch 116/149]
  Epoch 42/100 [Batch 145/149]
  Epoch 42/100 | Loss: 1.6626 [BEST]
  Epoch 43/100 [Batch 29/149]
  Epoch 43/100 [Batch 58/149]
  Epoch 43/100 [Batch 87/149]
  Epoch 43/100 [Batch 116/149]
  Epoch 43/100 [Batch 145/149]
  Epoch 43/100 | Loss: 1.6547 [BEST]
  Epoch 44/100 [Batch 29/149]
  Epoch 44/100 [Batch 58/149]
  Epoch 44/100 [Batch 87/149]
  Epoch 44/100 [Batch 116/149]
  Epoch 44/100 [Batch 145/149]
  Epoch 44/100 | Loss: 1.6260 [BEST]
  Epoch 45/100 [Batch 29/149]
  Epoch 45/100 [Batch 58/149]
  Epoch 45/100 [Batch 87/149]
  Epoch 45/100 [Batch 116/149]
  Epoch 45/100 [Batch 145/149]
  Epoch 45/100 | Loss: 1.5931 [BEST]
  Epoch 46/100 [Batch 29/149]
  Epoch 46/100 [Batch 58/149]
  Epoch 46/100 [Batch 87/149]
  Epoch 46/100 [Batch 116/149]
  Epoch 46/100 [Batch 145/149]
  Epoch 46/100 | Loss: 1.5469 [BEST]
  Epoch 47/100 [Batch 29/149]
  Epoch 47/100 [Batch 58/149]
  Epoch 47/100 [Batch 87/149]
  Epoch 47/100 [Batch 116/149]
  Epoch 47/100 [Batch 145/149]
  Epoch 47/100 | Loss: 1.5460 [BEST]
  Epoch 48/100 [Batch 29/149]
  Epoch 48/100 [Batch 58/149]
  Epoch 48/100 [Batch 87/149]
  Epoch 48/100 [Batch 116/149]
  Epoch 48/100 [Batch 145/149]
  Epoch 48/100 | Loss: 1.4798 [BEST]
  Epoch 49/100 [Batch 29/149]
  Epoch 49/100 [Batch 58/149]
  Epoch 49/100 [Batch 87/149]
  Epoch 49/100 [Batch 116/149]
  Epoch 49/100 [Batch 145/149]
  Epoch 49/100 | Loss: 1.4651 [BEST]
  Epoch 50/100 [Batch 29/149]
  Epoch 50/100 [Batch 58/149]
  Epoch 50/100 [Batch 87/149]
  Epoch 50/100 [Batch 116/149]
  Epoch 50/100 [Batch 145/149]
  Epoch 50/100 | Loss: 1.4541 [BEST]
  Epoch 51/100 [Batch 29/149]
  Epoch 51/100 [Batch 58/149]
  Epoch 51/100 [Batch 87/149]
  Epoch 51/100 [Batch 116/149]
  Epoch 51/100 [Batch 145/149]
  Epoch 51/100 | Loss: 1.4148 [BEST]
  Epoch 52/100 [Batch 29/149]
  Epoch 52/100 [Batch 58/149]
  Epoch 52/100 [Batch 87/149]
  Epoch 52/100 [Batch 116/149]
  Epoch 52/100 [Batch 145/149]
  Epoch 52/100 | Loss: 1.3952 [BEST]
  Epoch 53/100 [Batch 29/149]
  Epoch 53/100 [Batch 58/149]
  Epoch 53/100 [Batch 87/149]
  Epoch 53/100 [Batch 116/149]
  Epoch 53/100 [Batch 145/149]
  Epoch 53/100 | Loss: 1.3598 [BEST]
  Epoch 54/100 [Batch 29/149]
  Epoch 54/100 [Batch 58/149]
  Epoch 54/100 [Batch 87/149]
  Epoch 54/100 [Batch 116/149]
  Epoch 54/100 [Batch 145/149]
  Epoch 54/100 | Loss: 1.3659
  Epoch 55/100 [Batch 29/149]
  Epoch 55/100 [Batch 58/149]
  Epoch 55/100 [Batch 87/149]
  Epoch 55/100 [Batch 116/149]
  Epoch 55/100 [Batch 145/149]
  Epoch 55/100 | Loss: 1.3365 [BEST]
  Epoch 56/100 [Batch 29/149]
  Epoch 56/100 [Batch 58/149]
  Epoch 56/100 [Batch 87/149]
  Epoch 56/100 [Batch 116/149]
  Epoch 56/100 [Batch 145/149]
  Epoch 56/100 | Loss: 1.3039 [BEST]
  Epoch 57/100 [Batch 29/149]
  Epoch 57/100 [Batch 58/149]
  Epoch 57/100 [Batch 87/149]
  Epoch 57/100 [Batch 116/149]
  Epoch 57/100 [Batch 145/149]
  Epoch 57/100 | Loss: 1.2687 [BEST]
  Epoch 58/100 [Batch 29/149]
  Epoch 58/100 [Batch 58/149]
  Epoch 58/100 [Batch 87/149]
  Epoch 58/100 [Batch 116/149]
  Epoch 58/100 [Batch 145/149]
  Epoch 58/100 | Loss: 1.2573 [BEST]
  Epoch 59/100 [Batch 29/149]
  Epoch 59/100 [Batch 58/149]
  Epoch 59/100 [Batch 87/149]
  Epoch 59/100 [Batch 116/149]
  Epoch 59/100 [Batch 145/149]
  Epoch 59/100 | Loss: 1.2332 [BEST]
  Epoch 60/100 [Batch 29/149]
  Epoch 60/100 [Batch 58/149]
  Epoch 60/100 [Batch 87/149]
  Epoch 60/100 [Batch 116/149]
  Epoch 60/100 [Batch 145/149]
  Epoch 60/100 | Loss: 1.2060 [BEST]
  Epoch 61/100 [Batch 29/149]
  Epoch 61/100 [Batch 58/149]
  Epoch 61/100 [Batch 87/149]
  Epoch 61/100 [Batch 116/149]
  Epoch 61/100 [Batch 145/149]
  Epoch 61/100 | Loss: 1.1965 [BEST]
  Epoch 62/100 [Batch 29/149]
  Epoch 62/100 [Batch 58/149]
  Epoch 62/100 [Batch 87/149]
  Epoch 62/100 [Batch 116/149]
  Epoch 62/100 [Batch 145/149]
  Epoch 62/100 | Loss: 1.1739 [BEST]
  Epoch 63/100 [Batch 29/149]
  Epoch 63/100 [Batch 58/149]
  Epoch 63/100 [Batch 87/149]
  Epoch 63/100 [Batch 116/149]
  Epoch 63/100 [Batch 145/149]
  Epoch 63/100 | Loss: 1.1612 [BEST]
  Epoch 64/100 [Batch 29/149]
  Epoch 64/100 [Batch 58/149]
  Epoch 64/100 [Batch 87/149]
  Epoch 64/100 [Batch 116/149]
  Epoch 64/100 [Batch 145/149]
  Epoch 64/100 | Loss: 1.1303 [BEST]
  Epoch 65/100 [Batch 29/149]
  Epoch 65/100 [Batch 58/149]
  Epoch 65/100 [Batch 87/149]
  Epoch 65/100 [Batch 116/149]
  Epoch 65/100 [Batch 145/149]
  Epoch 65/100 | Loss: 1.1256 [BEST]
  Epoch 66/100 [Batch 29/149]
  Epoch 66/100 [Batch 58/149]
  Epoch 66/100 [Batch 87/149]
  Epoch 66/100 [Batch 116/149]
  Epoch 66/100 [Batch 145/149]
  Epoch 66/100 | Loss: 1.1078 [BEST]
  Epoch 67/100 [Batch 29/149]
  Epoch 67/100 [Batch 58/149]
  Epoch 67/100 [Batch 87/149]
  Epoch 67/100 [Batch 116/149]
  Epoch 67/100 [Batch 145/149]
  Epoch 67/100 | Loss: 1.0925 [BEST]
  Epoch 68/100 [Batch 29/149]
  Epoch 68/100 [Batch 58/149]
  Epoch 68/100 [Batch 87/149]
  Epoch 68/100 [Batch 116/149]
  Epoch 68/100 [Batch 145/149]
  Epoch 68/100 | Loss: 1.0679 [BEST]
  Epoch 69/100 [Batch 29/149]
  Epoch 69/100 [Batch 58/149]
  Epoch 69/100 [Batch 87/149]
  Epoch 69/100 [Batch 116/149]
  Epoch 69/100 [Batch 145/149]
  Epoch 69/100 | Loss: 1.0528 [BEST]
  Epoch 70/100 [Batch 29/149]
  Epoch 70/100 [Batch 58/149]
  Epoch 70/100 [Batch 87/149]
  Epoch 70/100 [Batch 116/149]
  Epoch 70/100 [Batch 145/149]
  Epoch 70/100 | Loss: 1.0236 [BEST]
  Epoch 71/100 [Batch 29/149]
  Epoch 71/100 [Batch 58/149]
  Epoch 71/100 [Batch 87/149]
  Epoch 71/100 [Batch 116/149]
  Epoch 71/100 [Batch 145/149]
  Epoch 71/100 | Loss: 1.0192 [BEST]
  Epoch 72/100 [Batch 29/149]
  Epoch 72/100 [Batch 58/149]
  Epoch 72/100 [Batch 87/149]
  Epoch 72/100 [Batch 116/149]
  Epoch 72/100 [Batch 145/149]
  Epoch 72/100 | Loss: 1.0108 [BEST]
  Epoch 73/100 [Batch 29/149]
  Epoch 73/100 [Batch 58/149]
  Epoch 73/100 [Batch 87/149]
  Epoch 73/100 [Batch 116/149]
  Epoch 73/100 [Batch 145/149]
  Epoch 73/100 | Loss: 1.0025 [BEST]
  Epoch 74/100 [Batch 29/149]
  Epoch 74/100 [Batch 58/149]
  Epoch 74/100 [Batch 87/149]
  Epoch 74/100 [Batch 116/149]
  Epoch 74/100 [Batch 145/149]
  Epoch 74/100 | Loss: 0.9989 [BEST]
  Epoch 75/100 [Batch 29/149]
  Epoch 75/100 [Batch 58/149]
  Epoch 75/100 [Batch 87/149]
  Epoch 75/100 [Batch 116/149]
  Epoch 75/100 [Batch 145/149]
  Epoch 75/100 | Loss: 0.9613 [BEST]
  Epoch 76/100 [Batch 29/149]
  Epoch 76/100 [Batch 58/149]
  Epoch 76/100 [Batch 87/149]
  Epoch 76/100 [Batch 116/149]
  Epoch 76/100 [Batch 145/149]
  Epoch 76/100 | Loss: 0.9679
  Epoch 77/100 [Batch 29/149]
  Epoch 77/100 [Batch 58/149]
  Epoch 77/100 [Batch 87/149]
  Epoch 77/100 [Batch 116/149]
  Epoch 77/100 [Batch 145/149]
  Epoch 77/100 | Loss: 0.9652
  Epoch 78/100 [Batch 29/149]
  Epoch 78/100 [Batch 58/149]
  Epoch 78/100 [Batch 87/149]
  Epoch 78/100 [Batch 116/149]
  Epoch 78/100 [Batch 145/149]
  Epoch 78/100 | Loss: 0.9422 [BEST]
  Epoch 79/100 [Batch 29/149]
  Epoch 79/100 [Batch 58/149]
  Epoch 79/100 [Batch 87/149]
  Epoch 79/100 [Batch 116/149]
  Epoch 79/100 [Batch 145/149]
  Epoch 79/100 | Loss: 0.9344 [BEST]
  Epoch 80/100 [Batch 29/149]
  Epoch 80/100 [Batch 58/149]
  Epoch 80/100 [Batch 87/149]
  Epoch 80/100 [Batch 116/149]
  Epoch 80/100 [Batch 145/149]
  Epoch 80/100 | Loss: 0.9061 [BEST]
  Epoch 81/100 [Batch 29/149]
  Epoch 81/100 [Batch 58/149]
  Epoch 81/100 [Batch 87/149]
  Epoch 81/100 [Batch 116/149]
  Epoch 81/100 [Batch 145/149]
  Epoch 81/100 | Loss: 0.9028 [BEST]
  Epoch 82/100 [Batch 29/149]
  Epoch 82/100 [Batch 58/149]
  Epoch 82/100 [Batch 87/149]
  Epoch 82/100 [Batch 116/149]
  Epoch 82/100 [Batch 145/149]
  Epoch 82/100 | Loss: 0.8953 [BEST]
  Epoch 83/100 [Batch 29/149]
  Epoch 83/100 [Batch 58/149]
  Epoch 83/100 [Batch 87/149]
  Epoch 83/100 [Batch 116/149]
  Epoch 83/100 [Batch 145/149]
  Epoch 83/100 | Loss: 0.8945 [BEST]
  Epoch 84/100 [Batch 29/149]
  Epoch 84/100 [Batch 58/149]
  Epoch 84/100 [Batch 87/149]
  Epoch 84/100 [Batch 116/149]
  Epoch 84/100 [Batch 145/149]
  Epoch 84/100 | Loss: 0.8860 [BEST]
  Epoch 85/100 [Batch 29/149]
  Epoch 85/100 [Batch 58/149]
  Epoch 85/100 [Batch 87/149]
  Epoch 85/100 [Batch 116/149]
  Epoch 85/100 [Batch 145/149]
  Epoch 85/100 | Loss: 0.8732 [BEST]
  Epoch 86/100 [Batch 29/149]
  Epoch 86/100 [Batch 58/149]
  Epoch 86/100 [Batch 87/149]
  Epoch 86/100 [Batch 116/149]
  Epoch 86/100 [Batch 145/149]
  Epoch 86/100 | Loss: 0.8696 [BEST]
  Epoch 87/100 [Batch 29/149]
  Epoch 87/100 [Batch 58/149]
  Epoch 87/100 [Batch 87/149]
  Epoch 87/100 [Batch 116/149]
  Epoch 87/100 [Batch 145/149]
  Epoch 87/100 | Loss: 0.8782
  Epoch 88/100 [Batch 29/149]
  Epoch 88/100 [Batch 58/149]
  Epoch 88/100 [Batch 87/149]
  Epoch 88/100 [Batch 116/149]
  Epoch 88/100 [Batch 145/149]
  Epoch 88/100 | Loss: 0.8524 [BEST]
  Epoch 89/100 [Batch 29/149]
  Epoch 89/100 [Batch 58/149]
  Epoch 89/100 [Batch 87/149]
  Epoch 89/100 [Batch 116/149]
  Epoch 89/100 [Batch 145/149]
  Epoch 89/100 | Loss: 0.8653
  Epoch 90/100 [Batch 29/149]
  Epoch 90/100 [Batch 58/149]
  Epoch 90/100 [Batch 87/149]
  Epoch 90/100 [Batch 116/149]
  Epoch 90/100 [Batch 145/149]
  Epoch 90/100 | Loss: 0.8576
  Epoch 91/100 [Batch 29/149]
  Epoch 91/100 [Batch 58/149]
  Epoch 91/100 [Batch 87/149]
  Epoch 91/100 [Batch 116/149]
  Epoch 91/100 [Batch 145/149]
  Epoch 91/100 | Loss: 0.8507 [BEST]
  Epoch 92/100 [Batch 29/149]
  Epoch 92/100 [Batch 58/149]
  Epoch 92/100 [Batch 87/149]
  Epoch 92/100 [Batch 116/149]
  Epoch 92/100 [Batch 145/149]
  Epoch 92/100 | Loss: 0.8442 [BEST]
  Epoch 93/100 [Batch 29/149]
  Epoch 93/100 [Batch 58/149]
  Epoch 93/100 [Batch 87/149]
  Epoch 93/100 [Batch 116/149]
  Epoch 93/100 [Batch 145/149]
  Epoch 93/100 | Loss: 0.8394 [BEST]
  Epoch 94/100 [Batch 29/149]
  Epoch 94/100 [Batch 58/149]
  Epoch 94/100 [Batch 87/149]
  Epoch 94/100 [Batch 116/149]
  Epoch 94/100 [Batch 145/149]
  Epoch 94/100 | Loss: 0.8403
  Epoch 95/100 [Batch 29/149]
  Epoch 95/100 [Batch 58/149]
  Epoch 95/100 [Batch 87/149]
  Epoch 95/100 [Batch 116/149]
  Epoch 95/100 [Batch 145/149]
  Epoch 95/100 | Loss: 0.8353 [BEST]
  Epoch 96/100 [Batch 29/149]
  Epoch 96/100 [Batch 58/149]
  Epoch 96/100 [Batch 87/149]
  Epoch 96/100 [Batch 116/149]
  Epoch 96/100 [Batch 145/149]
  Epoch 96/100 | Loss: 0.8444
  Epoch 97/100 [Batch 29/149]
  Epoch 97/100 [Batch 58/149]
  Epoch 97/100 [Batch 87/149]
  Epoch 97/100 [Batch 116/149]
  Epoch 97/100 [Batch 145/149]
  Epoch 97/100 | Loss: 0.8367
  Epoch 98/100 [Batch 29/149]
  Epoch 98/100 [Batch 58/149]
  Epoch 98/100 [Batch 87/149]
  Epoch 98/100 [Batch 116/149]
  Epoch 98/100 [Batch 145/149]
  Epoch 98/100 | Loss: 0.8317 [BEST]
  Epoch 99/100 [Batch 29/149]
  Epoch 99/100 [Batch 58/149]
  Epoch 99/100 [Batch 87/149]
  Epoch 99/100 [Batch 116/149]
  Epoch 99/100 [Batch 145/149]
  Epoch 99/100 | Loss: 0.8276 [BEST]
  Epoch 100/100 [Batch 29/149]
  Epoch 100/100 [Batch 58/149]
  Epoch 100/100 [Batch 87/149]
  Epoch 100/100 [Batch 116/149]
  Epoch 100/100 [Batch 145/149]
  Epoch 100/100 | Loss: 0.8240/home/heng/FYP/train_ssd_all.py:693: FutureWarning: `torch.cuda.amp.GradScaler(args...)` is deprecated. Please use `torch.amp.GradScaler('cuda', args...)` instead.
  scaler = GradScaler()
 [BEST]

  Training complete: 85.2 min  (100 epochs)

  Evaluating on test split (256 images)...
  [DEBUG] GT: 256 images, 1835 annotations
  [DEBUG] DT: 12324 predictions
  [DEBUG] mAP@0.5=0.5491, mAP@0.5:0.95=0.2554
  [DEBUG] Precision=0.6994, Recall=0.5504, F1=0.6160

  Measuring inference speed ...

======================================================================
  EXPERIMENT 22 — SSD300 (VGG16) on CHVG
======================================================================

  SETUP
    Model            : SSD300 (VGG16, PyTorch)
    Dataset          : CHVG
    Classes ( 8)      : ['person', 'vest', 'white', 'yellow', 'head', 'blue', 'glass', 'red']
    Epochs trained   : 100  (max=100, patience=20)
    Training time    : 85.2 min
    GPU              : NVIDIA GeForce RTX 4050 Laptop GPU

  TEST SET METRICS
    mAP@0.5          : 0.5491  (54.91%)
    mAP@0.5:0.95     : 0.2554  (25.54%)
    Precision        : 0.6994  (69.94%)
    Recall           : 0.5504  (55.04%)
    F1               : 0.6160

  INFERENCE (single image, GPU, 640×640)
    Avg latency      : 18.68 ms
    FPS              : 53.5

  PER-CLASS AP@0.5
    person                  : 0.0000  (0.00%)
    vest                    : 0.0000  (0.00%)
    white                   : 0.0000  (0.00%)
    yellow                  : 0.0000  (0.00%)
    head                    : 0.0000  (0.00%)
    blue                    : 0.0000  (0.00%)
    glass                   : 0.0000  (0.00%)
    red                     : 0.0000  (0.00%)

  TRAINING CONFIG (IDENTICAL TO YOLO)
    Batch / Img size : 8 / 640×640
    Optimizer        : SGD  lr0=0.01  momentum=0.937
    Weight decay     : 0.0005  |  Seed: 42
    AMP              : True
    LR scheduler     : Cosine annealing

  Weights  : /home/heng/FYP/results/SSD/exp22_ssd_chvg/weights/best.pth
  Run dir  : /home/heng/FYP/results/SSD/exp22_ssd_chvg
======================================================================

  Saved → /home/heng/FYP/results/SSD/exp22_ssd_chvg/metrics.txt

──────────────────────────────────────────────────────────────────────
  Resolving dataset: SHEL5K ...

======================================================================
  EXP 23 — SSD300 (VGG16) | SHEL5K
======================================================================
  results   : /home/heng/FYP/results/SSD/exp23_ssd_shel5k
  classes   : 7 → ['helmet', 'head_with_helmet', 'person_with_helmet', 'face', 'head', 'person_no_helmet', 'person']
  GPU       : NVIDIA GeForce RTX 4050 Laptop GPU
  GPU temp  : 65°C

  Building datasets...
  Train: 3500 | Val: 750 | Test: 750
  Starting training for 100 epochs...
  Epoch 1/100 [Batch 87/438]
  Epoch 1/100 [Batch 174/438]
  Epoch 1/100 [Batch 261/438]
  Epoch 1/100 [Batch 348/438]
  Epoch 1/100 [Batch 435/438]
  Epoch 1/100 | Loss: 5.8442 [BEST]
  Epoch 2/100 [Batch 87/438]
  Epoch 2/100 [Batch 174/438]
  Epoch 2/100 [Batch 261/438]
  Epoch 2/100 [Batch 348/438]
  Epoch 2/100 [Batch 435/438]
  Epoch 2/100 | Loss: 5.0425 [BEST]
  Epoch 3/100 [Batch 87/438]
  Epoch 3/100 [Batch 174/438]
  Epoch 3/100 [Batch 261/438]
  Epoch 3/100 [Batch 348/438]
  Epoch 3/100 [Batch 435/438]
  Epoch 3/100 | Loss: 4.8594 [BEST]
  Epoch 4/100 [Batch 87/438]
  Epoch 4/100 [Batch 174/438]
  Epoch 4/100 [Batch 261/438]
  Epoch 4/100 [Batch 348/438]
  Epoch 4/100 [Batch 435/438]
  Epoch 4/100 | Loss: 4.7264 [BEST]
  Epoch 5/100 [Batch 87/438]
  Epoch 5/100 [Batch 174/438]
  Epoch 5/100 [Batch 261/438]
  Epoch 5/100 [Batch 348/438]
  Epoch 5/100 [Batch 435/438]
  Epoch 5/100 | Loss: 4.6347 [BEST]
  Epoch 6/100 [Batch 87/438]
  Epoch 6/100 [Batch 174/438]
  Epoch 6/100 [Batch 261/438]
  Epoch 6/100 [Batch 348/438]
  Epoch 6/100 [Batch 435/438]
  Epoch 6/100 | Loss: 4.5965 [BEST]
  Epoch 7/100 [Batch 87/438]
  Epoch 7/100 [Batch 174/438]
  Epoch 7/100 [Batch 261/438]
  Epoch 7/100 [Batch 348/438]
  Epoch 7/100 [Batch 435/438]
  Epoch 7/100 | Loss: 4.4987 [BEST]
  Epoch 8/100 [Batch 87/438]
  Epoch 8/100 [Batch 174/438]
  Epoch 8/100 [Batch 261/438]
  Epoch 8/100 [Batch 348/438]
  Epoch 8/100 [Batch 435/438]
  Epoch 8/100 | Loss: 4.4121 [BEST]
  Epoch 9/100 [Batch 87/438]
  Epoch 9/100 [Batch 174/438]
  Epoch 9/100 [Batch 261/438]
  Epoch 9/100 [Batch 348/438]
  Epoch 9/100 [Batch 435/438]
  Epoch 9/100 | Loss: 4.3731 [BEST]
  Epoch 10/100 [Batch 87/438]
  Epoch 10/100 [Batch 174/438]
