/home/heng/FYP/train_ssd_all.py:599: FutureWarning: `torch.cuda.amp.GradScaler(args...)` is deprecated. Please use `torch.amp.GradScaler('cuda', args...)` instead.
  scaler = GradScaler()
======================================================================
  SSD300 — All Experiments (YOLO Configuration)
======================================================================
  Running  : ['Roboflow', 'CHVG']
  Config   : Batch=8, ImgSz=640×640, LR=0.01, SGD(momentum=0.937)
  GPU      : NVIDIA GeForce RTX 4050 Laptop GPU
  VRAM     : 6.1 GB
  GPU temp : 38°C


──────────────────────────────────────────────────────────────────────
  Resolving dataset: Roboflow ...

======================================================================
  EXP 21 — SSD300 (VGG16) | Roboflow
======================================================================
  results   : /home/heng/FYP/results/SSD/exp21_ssd_roboflow
  classes   : 5 → ['helmet', 'no-helmet', 'no-vest', 'person', 'vest']
  GPU       : NVIDIA GeForce RTX 4050 Laptop GPU
  GPU temp  : 38°C

  Building datasets...
  Train: 997 | Val: 119 | Test: 90
  Starting training for 100 epochs...
  Epoch 1/100 [Batch 25/125]
  Epoch 1/100 [Batch 50/125]
  Epoch 1/100 [Batch 75/125]
  Epoch 1/100 [Batch 100/125]
  Epoch 1/100 [Batch 125/125]
  Epoch 1/100 | Loss: 4.5360 [BEST]
  Epoch 2/100 [Batch 25/125]
  Epoch 2/100 [Batch 50/125]
  Epoch 2/100 [Batch 75/125]
  Epoch 2/100 [Batch 100/125]
  Epoch 2/100 [Batch 125/125]
  Epoch 2/100 | Loss: 3.4741 [BEST]
  Epoch 3/100 [Batch 25/125]
  Epoch 3/100 [Batch 50/125]
  Epoch 3/100 [Batch 75/125]
  Epoch 3/100 [Batch 100/125]
  Epoch 3/100 [Batch 125/125]
  Epoch 3/100 | Loss: 3.2474 [BEST]
  Epoch 4/100 [Batch 25/125]
  Epoch 4/100 [Batch 50/125]
  Epoch 4/100 [Batch 75/125]
  Epoch 4/100 [Batch 100/125]
  Epoch 4/100 [Batch 125/125]
  Epoch 4/100 | Loss: 3.1233 [BEST]
  Epoch 5/100 [Batch 25/125]
  Epoch 5/100 [Batch 50/125]
  Epoch 5/100 [Batch 75/125]
  Epoch 5/100 [Batch 100/125]
  Epoch 5/100 [Batch 125/125]
  Epoch 5/100 | Loss: 2.9052 [BEST]
  Epoch 6/100 [Batch 25/125]
  Epoch 6/100 [Batch 50/125]
  Epoch 6/100 [Batch 75/125]
  Epoch 6/100 [Batch 100/125]
  Epoch 6/100 [Batch 125/125]
  Epoch 6/100 | Loss: 2.7720 [BEST]
  Epoch 7/100 [Batch 25/125]
  Epoch 7/100 [Batch 50/125]
  Epoch 7/100 [Batch 75/125]
  Epoch 7/100 [Batch 100/125]
  Epoch 7/100 [Batch 125/125]
  Epoch 7/100 | Loss: 2.7341 [BEST]
  Epoch 8/100 [Batch 25/125]
  Epoch 8/100 [Batch 50/125]
  Epoch 8/100 [Batch 75/125]
  Epoch 8/100 [Batch 100/125]
  Epoch 8/100 [Batch 125/125]
  Epoch 8/100 | Loss: 2.5486 [BEST]
  Epoch 9/100 [Batch 25/125]
  Epoch 9/100 [Batch 50/125]
  Epoch 9/100 [Batch 75/125]
  Epoch 9/100 [Batch 100/125]
  Epoch 9/100 [Batch 125/125]
  Epoch 9/100 | Loss: 2.4624 [BEST]
  Epoch 10/100 [Batch 25/125]
  Epoch 10/100 [Batch 50/125]
  Epoch 10/100 [Batch 75/125]
  Epoch 10/100 [Batch 100/125]
  Epoch 10/100 [Batch 125/125]
  Epoch 10/100 | Loss: 2.4060 [BEST]
  Epoch 11/100 [Batch 25/125]
  Epoch 11/100 [Batch 50/125]
  Epoch 11/100 [Batch 75/125]
  Epoch 11/100 [Batch 100/125]
  Epoch 11/100 [Batch 125/125]
  Epoch 11/100 | Loss: 2.2734 [BEST]
  Epoch 12/100 [Batch 25/125]
  Epoch 12/100 [Batch 50/125]
  Epoch 12/100 [Batch 75/125]
  Epoch 12/100 [Batch 100/125]
  Epoch 12/100 [Batch 125/125]
  Epoch 12/100 | Loss: 2.1833 [BEST]
  Epoch 13/100 [Batch 25/125]
  Epoch 13/100 [Batch 50/125]
  Epoch 13/100 [Batch 75/125]
  Epoch 13/100 [Batch 100/125]
  Epoch 13/100 [Batch 125/125]
  Epoch 13/100 | Loss: 2.1007 [BEST]
  Epoch 14/100 [Batch 25/125]
  Epoch 14/100 [Batch 50/125]
  Epoch 14/100 [Batch 75/125]
  Epoch 14/100 [Batch 100/125]
  Epoch 14/100 [Batch 125/125]
  Epoch 14/100 | Loss: 2.0043 [BEST]
  Epoch 15/100 [Batch 25/125]
  Epoch 15/100 [Batch 50/125]
  Epoch 15/100 [Batch 75/125]
  Epoch 15/100 [Batch 100/125]
  Epoch 15/100 [Batch 125/125]
  Epoch 15/100 | Loss: 1.9307 [BEST]
  Epoch 16/100 [Batch 25/125]
  Epoch 16/100 [Batch 50/125]
  Epoch 16/100 [Batch 75/125]
  Epoch 16/100 [Batch 100/125]
  Epoch 16/100 [Batch 125/125]
  Epoch 16/100 | Loss: 1.8394 [BEST]
  Epoch 17/100 [Batch 25/125]
  Epoch 17/100 [Batch 50/125]
  Epoch 17/100 [Batch 75/125]
  Epoch 17/100 [Batch 100/125]
  Epoch 17/100 [Batch 125/125]
  Epoch 17/100 | Loss: 1.7675 [BEST]
  Epoch 18/100 [Batch 25/125]
  Epoch 18/100 [Batch 50/125]
  Epoch 18/100 [Batch 75/125]
  Epoch 18/100 [Batch 100/125]
  Epoch 18/100 [Batch 125/125]
  Epoch 18/100 | Loss: 1.7277 [BEST]
  Epoch 19/100 [Batch 25/125]
  Epoch 19/100 [Batch 50/125]
  Epoch 19/100 [Batch 75/125]
  Epoch 19/100 [Batch 100/125]
  Epoch 19/100 [Batch 125/125]
  Epoch 19/100 | Loss: 1.6557 [BEST]
  Epoch 20/100 [Batch 25/125]
  Epoch 20/100 [Batch 50/125]
  Epoch 20/100 [Batch 75/125]
  Epoch 20/100 [Batch 100/125]
  Epoch 20/100 [Batch 125/125]
  Epoch 20/100 | Loss: 1.5815 [BEST]
  Epoch 21/100 [Batch 25/125]
  Epoch 21/100 [Batch 50/125]
  Epoch 21/100 [Batch 75/125]
  Epoch 21/100 [Batch 100/125]
  Epoch 21/100 [Batch 125/125]
  Epoch 21/100 | Loss: 1.5111 [BEST]
  Epoch 22/100 [Batch 25/125]
  Epoch 22/100 [Batch 50/125]
  Epoch 22/100 [Batch 75/125]
  Epoch 22/100 [Batch 100/125]
  Epoch 22/100 [Batch 125/125]
  Epoch 22/100 | Loss: 1.5015 [BEST]
  Epoch 23/100 [Batch 25/125]
  Epoch 23/100 [Batch 50/125]
  Epoch 23/100 [Batch 75/125]
  Epoch 23/100 [Batch 100/125]
  Epoch 23/100 [Batch 125/125]
  Epoch 23/100 | Loss: 1.4394 [BEST]
  Epoch 24/100 [Batch 25/125]
  Epoch 24/100 [Batch 50/125]
  Epoch 24/100 [Batch 75/125]
  Epoch 24/100 [Batch 100/125]
  Epoch 24/100 [Batch 125/125]
  Epoch 24/100 | Loss: 1.4396
  Epoch 25/100 [Batch 25/125]
  Epoch 25/100 [Batch 50/125]
  Epoch 25/100 [Batch 75/125]
  Epoch 25/100 [Batch 100/125]
  Epoch 25/100 [Batch 125/125]
  Epoch 25/100 | Loss: 1.3861 [BEST]
  Epoch 26/100 [Batch 25/125]
  Epoch 26/100 [Batch 50/125]
  Epoch 26/100 [Batch 75/125]
  Epoch 26/100 [Batch 100/125]
  Epoch 26/100 [Batch 125/125]
  Epoch 26/100 | Loss: 1.3272 [BEST]
  Epoch 27/100 [Batch 25/125]
  Epoch 27/100 [Batch 50/125]
  Epoch 27/100 [Batch 75/125]
  Epoch 27/100 [Batch 100/125]
  Epoch 27/100 [Batch 125/125]
  Epoch 27/100 | Loss: 1.2955 [BEST]
  Epoch 28/100 [Batch 25/125]
  Epoch 28/100 [Batch 50/125]
  Epoch 28/100 [Batch 75/125]
  Epoch 28/100 [Batch 100/125]
  Epoch 28/100 [Batch 125/125]
  Epoch 28/100 | Loss: 1.2440 [BEST]
  Epoch 29/100 [Batch 25/125]
  Epoch 29/100 [Batch 50/125]
  Epoch 29/100 [Batch 75/125]
  Epoch 29/100 [Batch 100/125]
  Epoch 29/100 [Batch 125/125]
  Epoch 29/100 | Loss: 1.2326 [BEST]
  Epoch 30/100 [Batch 25/125]
  Epoch 30/100 [Batch 50/125]
  Epoch 30/100 [Batch 75/125]
  Epoch 30/100 [Batch 100/125]
  Epoch 30/100 [Batch 125/125]
  Epoch 30/100 | Loss: 1.1651 [BEST]
  Epoch 31/100 [Batch 25/125]
  Epoch 31/100 [Batch 50/125]
  Epoch 31/100 [Batch 75/125]
  Epoch 31/100 [Batch 100/125]
  Epoch 31/100 [Batch 125/125]
  Epoch 31/100 | Loss: 1.1494 [BEST]
  Epoch 32/100 [Batch 25/125]
  Epoch 32/100 [Batch 50/125]
  Epoch 32/100 [Batch 75/125]
  Epoch 32/100 [Batch 100/125]
  Epoch 32/100 [Batch 125/125]
  Epoch 32/100 | Loss: 1.1272 [BEST]
  Epoch 33/100 [Batch 25/125]
  Epoch 33/100 [Batch 50/125]
  Epoch 33/100 [Batch 75/125]
  Epoch 33/100 [Batch 100/125]
  Epoch 33/100 [Batch 125/125]
  Epoch 33/100 | Loss: 1.0901 [BEST]
  Epoch 34/100 [Batch 25/125]
  Epoch 34/100 [Batch 50/125]
  Epoch 34/100 [Batch 75/125]
  Epoch 34/100 [Batch 100/125]
  Epoch 34/100 [Batch 125/125]
  Epoch 34/100 | Loss: 1.0576 [BEST]
  Epoch 35/100 [Batch 25/125]
  Epoch 35/100 [Batch 50/125]
  Epoch 35/100 [Batch 75/125]
  Epoch 35/100 [Batch 100/125]
  Epoch 35/100 [Batch 125/125]
  Epoch 35/100 | Loss: 1.0402 [BEST]
  Epoch 36/100 [Batch 25/125]
  Epoch 36/100 [Batch 50/125]
  Epoch 36/100 [Batch 75/125]
  Epoch 36/100 [Batch 100/125]
  Epoch 36/100 [Batch 125/125]
  Epoch 36/100 | Loss: 1.0269 [BEST]
  Epoch 37/100 [Batch 25/125]
  Epoch 37/100 [Batch 50/125]
  Epoch 37/100 [Batch 75/125]
  Epoch 37/100 [Batch 100/125]
  Epoch 37/100 [Batch 125/125]
  Epoch 37/100 | Loss: 0.9867 [BEST]
  Epoch 38/100 [Batch 25/125]
  Epoch 38/100 [Batch 50/125]
  Epoch 38/100 [Batch 75/125]
  Epoch 38/100 [Batch 100/125]
  Epoch 38/100 [Batch 125/125]
  Epoch 38/100 | Loss: 0.9836 [BEST]
  Epoch 39/100 [Batch 25/125]
  Epoch 39/100 [Batch 50/125]
  Epoch 39/100 [Batch 75/125]
  Epoch 39/100 [Batch 100/125]
  Epoch 39/100 [Batch 125/125]
  Epoch 39/100 | Loss: 0.9429 [BEST]
  Epoch 40/100 [Batch 25/125]
  Epoch 40/100 [Batch 50/125]
  Epoch 40/100 [Batch 75/125]
  Epoch 40/100 [Batch 100/125]
  Epoch 40/100 [Batch 125/125]
  Epoch 40/100 | Loss: 0.9231 [BEST]
  Epoch 41/100 [Batch 25/125]
  Epoch 41/100 [Batch 50/125]
  Epoch 41/100 [Batch 75/125]
  Epoch 41/100 [Batch 100/125]
  Epoch 41/100 [Batch 125/125]
  Epoch 41/100 | Loss: 0.9098 [BEST]
  Epoch 42/100 [Batch 25/125]
  Epoch 42/100 [Batch 50/125]
  Epoch 42/100 [Batch 75/125]
  Epoch 42/100 [Batch 100/125]
  Epoch 42/100 [Batch 125/125]
  Epoch 42/100 | Loss: 0.8839 [BEST]
  Epoch 43/100 [Batch 25/125]
  Epoch 43/100 [Batch 50/125]
  Epoch 43/100 [Batch 75/125]
  Epoch 43/100 [Batch 100/125]
  Epoch 43/100 [Batch 125/125]
  Epoch 43/100 | Loss: 0.8553 [BEST]
  Epoch 44/100 [Batch 25/125]
  Epoch 44/100 [Batch 50/125]
  Epoch 44/100 [Batch 75/125]
  Epoch 44/100 [Batch 100/125]
  Epoch 44/100 [Batch 125/125]
  Epoch 44/100 | Loss: 0.8404 [BEST]
  Epoch 45/100 [Batch 25/125]
  Epoch 45/100 [Batch 50/125]
  Epoch 45/100 [Batch 75/125]
  Epoch 45/100 [Batch 100/125]
  Epoch 45/100 [Batch 125/125]
  Epoch 45/100 | Loss: 0.8296 [BEST]
  Epoch 46/100 [Batch 25/125]
  Epoch 46/100 [Batch 50/125]
  Epoch 46/100 [Batch 75/125]
  Epoch 46/100 [Batch 100/125]
  Epoch 46/100 [Batch 125/125]
  Epoch 46/100 | Loss: 0.8096 [BEST]
  Epoch 47/100 [Batch 25/125]
  Epoch 47/100 [Batch 50/125]
  Epoch 47/100 [Batch 75/125]
  Epoch 47/100 [Batch 100/125]
  Epoch 47/100 [Batch 125/125]
  Epoch 47/100 | Loss: 0.7847 [BEST]
  Epoch 48/100 [Batch 25/125]
  Epoch 48/100 [Batch 50/125]
  Epoch 48/100 [Batch 75/125]
  Epoch 48/100 [Batch 100/125]
  Epoch 48/100 [Batch 125/125]
  Epoch 48/100 | Loss: 0.7742 [BEST]
  Epoch 49/100 [Batch 25/125]
  Epoch 49/100 [Batch 50/125]
  Epoch 49/100 [Batch 75/125]
  Epoch 49/100 [Batch 100/125]
  Epoch 49/100 [Batch 125/125]
  Epoch 49/100 | Loss: 0.7543 [BEST]
  Epoch 50/100 [Batch 25/125]
  Epoch 50/100 [Batch 50/125]
  Epoch 50/100 [Batch 75/125]
  Epoch 50/100 [Batch 100/125]
  Epoch 50/100 [Batch 125/125]
  Epoch 50/100 | Loss: 0.7290 [BEST]
  Epoch 51/100 [Batch 25/125]
  Epoch 51/100 [Batch 50/125]
  Epoch 51/100 [Batch 75/125]
  Epoch 51/100 [Batch 100/125]
  Epoch 51/100 [Batch 125/125]
  Epoch 51/100 | Loss: 0.7226 [BEST]
  Epoch 52/100 [Batch 25/125]
  Epoch 52/100 [Batch 50/125]
  Epoch 52/100 [Batch 75/125]
  Epoch 52/100 [Batch 100/125]
  Epoch 52/100 [Batch 125/125]
  Epoch 52/100 | Loss: 0.7072 [BEST]
  Epoch 53/100 [Batch 25/125]
  Epoch 53/100 [Batch 50/125]
  Epoch 53/100 [Batch 75/125]
  Epoch 53/100 [Batch 100/125]
  Epoch 53/100 [Batch 125/125]
  Epoch 53/100 | Loss: 0.6771 [BEST]
  Epoch 54/100 [Batch 25/125]
  Epoch 54/100 [Batch 50/125]
  Epoch 54/100 [Batch 75/125]
  Epoch 54/100 [Batch 100/125]
  Epoch 54/100 [Batch 125/125]
  Epoch 54/100 | Loss: 0.6775
  Epoch 55/100 [Batch 25/125]
  Epoch 55/100 [Batch 50/125]
  Epoch 55/100 [Batch 75/125]
  Epoch 55/100 [Batch 100/125]
  Epoch 55/100 [Batch 125/125]
  Epoch 55/100 | Loss: 0.6555 [BEST]
  Epoch 56/100 [Batch 25/125]
  Epoch 56/100 [Batch 50/125]
  Epoch 56/100 [Batch 75/125]
  Epoch 56/100 [Batch 100/125]
  Epoch 56/100 [Batch 125/125]
  Epoch 56/100 | Loss: 0.6393 [BEST]
  Epoch 57/100 [Batch 25/125]
  Epoch 57/100 [Batch 50/125]
  Epoch 57/100 [Batch 75/125]
  Epoch 57/100 [Batch 100/125]
  Epoch 57/100 [Batch 125/125]
  Epoch 57/100 | Loss: 0.6162 [BEST]
  Epoch 58/100 [Batch 25/125]
  Epoch 58/100 [Batch 50/125]
  Epoch 58/100 [Batch 75/125]
  Epoch 58/100 [Batch 100/125]
  Epoch 58/100 [Batch 125/125]
  Epoch 58/100 | Loss: 0.5987 [BEST]
  Epoch 59/100 [Batch 25/125]
  Epoch 59/100 [Batch 50/125]
  Epoch 59/100 [Batch 75/125]
  Epoch 59/100 [Batch 100/125]
  Epoch 59/100 [Batch 125/125]
  Epoch 59/100 | Loss: 0.5904 [BEST]
  Epoch 60/100 [Batch 25/125]
  Epoch 60/100 [Batch 50/125]
  Epoch 60/100 [Batch 75/125]
  Epoch 60/100 [Batch 100/125]
  Epoch 60/100 [Batch 125/125]
  Epoch 60/100 | Loss: 0.5746 [BEST]
  Epoch 61/100 [Batch 25/125]
  Epoch 61/100 [Batch 50/125]
  Epoch 61/100 [Batch 75/125]
  Epoch 61/100 [Batch 100/125]
  Epoch 61/100 [Batch 125/125]
  Epoch 61/100 | Loss: 0.5721 [BEST]
  Epoch 62/100 [Batch 25/125]
  Epoch 62/100 [Batch 50/125]
  Epoch 62/100 [Batch 75/125]
  Epoch 62/100 [Batch 100/125]
  Epoch 62/100 [Batch 125/125]
  Epoch 62/100 | Loss: 0.5554 [BEST]
  Epoch 63/100 [Batch 25/125]
  Epoch 63/100 [Batch 50/125]
  Epoch 63/100 [Batch 75/125]
  Epoch 63/100 [Batch 100/125]
  Epoch 63/100 [Batch 125/125]
  Epoch 63/100 | Loss: 0.5366 [BEST]
  Epoch 64/100 [Batch 25/125]
  Epoch 64/100 [Batch 50/125]
  Epoch 64/100 [Batch 75/125]
  Epoch 64/100 [Batch 100/125]
  Epoch 64/100 [Batch 125/125]
  Epoch 64/100 | Loss: 0.5290 [BEST]
  Epoch 65/100 [Batch 25/125]
  Epoch 65/100 [Batch 50/125]
  Epoch 65/100 [Batch 75/125]
  Epoch 65/100 [Batch 100/125]
  Epoch 65/100 [Batch 125/125]
  Epoch 65/100 | Loss: 0.5124 [BEST]
  Epoch 66/100 [Batch 25/125]
  Epoch 66/100 [Batch 50/125]
  Epoch 66/100 [Batch 75/125]
  Epoch 66/100 [Batch 100/125]
  Epoch 66/100 [Batch 125/125]
  Epoch 66/100 | Loss: 0.5029 [BEST]
  Epoch 67/100 [Batch 25/125]
  Epoch 67/100 [Batch 50/125]
  Epoch 67/100 [Batch 75/125]
  Epoch 67/100 [Batch 100/125]
  Epoch 67/100 [Batch 125/125]
  Epoch 67/100 | Loss: 0.4973 [BEST]
  Epoch 68/100 [Batch 25/125]
  Epoch 68/100 [Batch 50/125]
  Epoch 68/100 [Batch 75/125]
  Epoch 68/100 [Batch 100/125]
  Epoch 68/100 [Batch 125/125]
  Epoch 68/100 | Loss: 0.4829 [BEST]
  Epoch 69/100 [Batch 25/125]
  Epoch 69/100 [Batch 50/125]
  Epoch 69/100 [Batch 75/125]
  Epoch 69/100 [Batch 100/125]
  Epoch 69/100 [Batch 125/125]
  Epoch 69/100 | Loss: 0.4752 [BEST]
  Epoch 70/100 [Batch 25/125]
  Epoch 70/100 [Batch 50/125]
  Epoch 70/100 [Batch 75/125]
  Epoch 70/100 [Batch 100/125]
  Epoch 70/100 [Batch 125/125]
  Epoch 70/100 | Loss: 0.4686 [BEST]
  Epoch 71/100 [Batch 25/125]
  Epoch 71/100 [Batch 50/125]
  Epoch 71/100 [Batch 75/125]
  Epoch 71/100 [Batch 100/125]
  Epoch 71/100 [Batch 125/125]
  Epoch 71/100 | Loss: 0.4544 [BEST]
  Epoch 72/100 [Batch 25/125]
  Epoch 72/100 [Batch 50/125]
  Epoch 72/100 [Batch 75/125]
  Epoch 72/100 [Batch 100/125]
  Epoch 72/100 [Batch 125/125]
  Epoch 72/100 | Loss: 0.4460 [BEST]
  Epoch 73/100 [Batch 25/125]
  Epoch 73/100 [Batch 50/125]
  Epoch 73/100 [Batch 75/125]
  Epoch 73/100 [Batch 100/125]
  Epoch 73/100 [Batch 125/125]
  Epoch 73/100 | Loss: 0.4473
  Epoch 74/100 [Batch 25/125]
  Epoch 74/100 [Batch 50/125]
  Epoch 74/100 [Batch 75/125]
  Epoch 74/100 [Batch 100/125]
  Epoch 74/100 [Batch 125/125]
  Epoch 74/100 | Loss: 0.4196 [BEST]
  Epoch 75/100 [Batch 25/125]
  Epoch 75/100 [Batch 50/125]
  Epoch 75/100 [Batch 75/125]
  Epoch 75/100 [Batch 100/125]
  Epoch 75/100 [Batch 125/125]
  Epoch 75/100 | Loss: 0.4227
  Epoch 76/100 [Batch 25/125]
  Epoch 76/100 [Batch 50/125]
  Epoch 76/100 [Batch 75/125]
  Epoch 76/100 [Batch 100/125]
  Epoch 76/100 [Batch 125/125]
  Epoch 76/100 | Loss: 0.4216
  Epoch 77/100 [Batch 25/125]
  Epoch 77/100 [Batch 50/125]
  Epoch 77/100 [Batch 75/125]
  Epoch 77/100 [Batch 100/125]
  Epoch 77/100 [Batch 125/125]
  Epoch 77/100 | Loss: 0.4046 [BEST]
  Epoch 78/100 [Batch 25/125]
  Epoch 78/100 [Batch 50/125]
  Epoch 78/100 [Batch 75/125]
  Epoch 78/100 [Batch 100/125]
  Epoch 78/100 [Batch 125/125]
  Epoch 78/100 | Loss: 0.3975 [BEST]
  Epoch 79/100 [Batch 25/125]
  Epoch 79/100 [Batch 50/125]
  Epoch 79/100 [Batch 75/125]
  Epoch 79/100 [Batch 100/125]
  Epoch 79/100 [Batch 125/125]
  Epoch 79/100 | Loss: 0.3993
  Epoch 80/100 [Batch 25/125]
  Epoch 80/100 [Batch 50/125]
  Epoch 80/100 [Batch 75/125]
  Epoch 80/100 [Batch 100/125]
  Epoch 80/100 [Batch 125/125]
  Epoch 80/100 | Loss: 0.3874 [BEST]
  Epoch 81/100 [Batch 25/125]
  Epoch 81/100 [Batch 50/125]
  Epoch 81/100 [Batch 75/125]
  Epoch 81/100 [Batch 100/125]
  Epoch 81/100 [Batch 125/125]
  Epoch 81/100 | Loss: 0.3868 [BEST]
  Epoch 82/100 [Batch 25/125]
  Epoch 82/100 [Batch 50/125]
  Epoch 82/100 [Batch 75/125]
  Epoch 82/100 [Batch 100/125]
  Epoch 82/100 [Batch 125/125]
  Epoch 82/100 | Loss: 0.3831 [BEST]
  Epoch 83/100 [Batch 25/125]
  Epoch 83/100 [Batch 50/125]
  Epoch 83/100 [Batch 75/125]
  Epoch 83/100 [Batch 100/125]
  Epoch 83/100 [Batch 125/125]
  Epoch 83/100 | Loss: 0.3753 [BEST]
  Epoch 84/100 [Batch 25/125]
  Epoch 84/100 [Batch 50/125]
  Epoch 84/100 [Batch 75/125]
  Epoch 84/100 [Batch 100/125]
  Epoch 84/100 [Batch 125/125]
  Epoch 84/100 | Loss: 0.3742 [BEST]
  Epoch 85/100 [Batch 25/125]
  Epoch 85/100 [Batch 50/125]
  Epoch 85/100 [Batch 75/125]
  Epoch 85/100 [Batch 100/125]
  Epoch 85/100 [Batch 125/125]
  Epoch 85/100 | Loss: 0.3690 [BEST]
  Epoch 86/100 [Batch 25/125]
  Epoch 86/100 [Batch 50/125]
  Epoch 86/100 [Batch 75/125]
  Epoch 86/100 [Batch 100/125]
  Epoch 86/100 [Batch 125/125]
  Epoch 86/100 | Loss: 0.3614 [BEST]
  Epoch 87/100 [Batch 25/125]
  Epoch 87/100 [Batch 50/125]
  Epoch 87/100 [Batch 75/125]
  Epoch 87/100 [Batch 100/125]
  Epoch 87/100 [Batch 125/125]
  Epoch 87/100 | Loss: 0.3588 [BEST]
  Epoch 88/100 [Batch 25/125]
  Epoch 88/100 [Batch 50/125]
  Epoch 88/100 [Batch 75/125]
  Epoch 88/100 [Batch 100/125]
  Epoch 88/100 [Batch 125/125]
  Epoch 88/100 | Loss: 0.3523 [BEST]
  Epoch 89/100 [Batch 25/125]
  Epoch 89/100 [Batch 50/125]
  Epoch 89/100 [Batch 75/125]
  Epoch 89/100 [Batch 100/125]
  Epoch 89/100 [Batch 125/125]
  Epoch 89/100 | Loss: 0.3601
  Epoch 90/100 [Batch 25/125]
  Epoch 90/100 [Batch 50/125]
  Epoch 90/100 [Batch 75/125]
  Epoch 90/100 [Batch 100/125]
  Epoch 90/100 [Batch 125/125]
  Epoch 90/100 | Loss: 0.3531
  Epoch 91/100 [Batch 25/125]
  Epoch 91/100 [Batch 50/125]
  Epoch 91/100 [Batch 75/125]
  Epoch 91/100 [Batch 100/125]
  Epoch 91/100 [Batch 125/125]
  Epoch 91/100 | Loss: 0.3530
  Epoch 92/100 [Batch 25/125]
  Epoch 92/100 [Batch 50/125]
  Epoch 92/100 [Batch 75/125]
  Epoch 92/100 [Batch 100/125]
  Epoch 92/100 [Batch 125/125]
  Epoch 92/100 | Loss: 0.3473 [BEST]
  Epoch 93/100 [Batch 25/125]
  Epoch 93/100 [Batch 50/125]
  Epoch 93/100 [Batch 75/125]
  Epoch 93/100 [Batch 100/125]
  Epoch 93/100 [Batch 125/125]
  Epoch 93/100 | Loss: 0.3476
  Epoch 94/100 [Batch 25/125]
  Epoch 94/100 [Batch 50/125]
  Epoch 94/100 [Batch 75/125]
  Epoch 94/100 [Batch 100/125]
  Epoch 94/100 [Batch 125/125]
  Epoch 94/100 | Loss: 0.3487
  Epoch 95/100 [Batch 25/125]
  Epoch 95/100 [Batch 50/125]
  Epoch 95/100 [Batch 75/125]
  Epoch 95/100 [Batch 100/125]
  Epoch 95/100 [Batch 125/125]
  Epoch 95/100 | Loss: 0.3461 [BEST]
  Epoch 96/100 [Batch 25/125]
  Epoch 96/100 [Batch 50/125]
  Epoch 96/100 [Batch 75/125]
  Epoch 96/100 [Batch 100/125]
  Epoch 96/100 [Batch 125/125]
  Epoch 96/100 | Loss: 0.3439 [BEST]
  Epoch 97/100 [Batch 25/125]
  Epoch 97/100 [Batch 50/125]
  Epoch 97/100 [Batch 75/125]
  Epoch 97/100 [Batch 100/125]
  Epoch 97/100 [Batch 125/125]
  Epoch 97/100 | Loss: 0.3434 [BEST]
  Epoch 98/100 [Batch 25/125]
  Epoch 98/100 [Batch 50/125]
  Epoch 98/100 [Batch 75/125]
  Epoch 98/100 [Batch 100/125]
  Epoch 98/100 [Batch 125/125]
  Epoch 98/100 | Loss: 0.3410 [BEST]
  Epoch 99/100 [Batch 25/125]
  Epoch 99/100 [Batch 50/125]
  Epoch 99/100 [Batch 75/125]
  Epoch 99/100 [Batch 100/125]
  Epoch 99/100 [Batch 125/125]
  Epoch 99/100 | Loss: 0.3400 [BEST]
  Epoch 100/100 [Batch 25/125]
  Epoch 100/100 [Batch 50/125]
  Epoch 100/100 [Batch 75/125]
  Epoch 100/100 [Batch 100/125]
  Epoch 100/100 [Batch 125/125]
  Epoch 100/100 | Loss: 0.3500/home/heng/FYP/train_ssd_all.py:599: FutureWarning: `torch.cuda.amp.GradScaler(args...)` is deprecated. Please use `torch.amp.GradScaler('cuda', args...)` instead.
  scaler = GradScaler()


  Training complete: 108.3 min  (100 epochs)

  Evaluating on test split (90 images)...
  [DEBUG] GT: 90 images, 623 annotations
  [DEBUG] DT: 525 predictions
  [ERROR] COCO evaluation failed: Object of type float32 is not JSON serializable

  Measuring inference speed ...

======================================================================
  EXPERIMENT 21 — SSD300 (VGG16) on Roboflow
======================================================================

  SETUP
    Model            : SSD300 (VGG16, PyTorch)
    Dataset          : Roboflow
    Classes ( 5)      : ['helmet', 'no-helmet', 'no-vest', 'person', 'vest']
    Epochs trained   : 100  (max=100, patience=20)
    Training time    : 108.3 min
    GPU              : NVIDIA GeForce RTX 4050 Laptop GPU

  TEST SET METRICS
    mAP@0.5          : 0.0000  (0.00%)
    mAP@0.5:0.95     : 0.0000  (0.00%)
    Precision        : 0.0000  (0.00%)
    Recall           : 0.0000  (0.00%)
    F1               : 0.0000

  INFERENCE (single image, GPU, 640×640)
    Avg latency      : 18.69 ms
    FPS              : 53.5

  PER-CLASS AP@0.5
    helmet                  : 0.0000  (0.00%)
    no-helmet               : 0.0000  (0.00%)
    no-vest                 : 0.0000  (0.00%)
    person                  : 0.0000  (0.00%)
    vest                    : 0.0000  (0.00%)

  TRAINING CONFIG (IDENTICAL TO YOLO)
    Batch / Img size : 8 / 640×640
    Optimizer        : SGD  lr0=0.01  momentum=0.937
    Weight decay     : 0.0005  |  Seed: 42
    AMP              : True
    LR scheduler     : Cosine annealing

  Weights  : /home/heng/FYP/results/SSD/exp21_ssd_roboflow/weights/best.pth
  Run dir  : /home/heng/FYP/results/SSD/exp21_ssd_roboflow
======================================================================

  Saved → /home/heng/FYP/results/SSD/exp21_ssd_roboflow/metrics.txt

──────────────────────────────────────────────────────────────────────
  Resolving dataset: CHVG ...

======================================================================
  EXP 22 — SSD300 (VGG16) | CHVG
======================================================================
  results   : /home/heng/FYP/results/SSD/exp22_ssd_chvg
  classes   : 8 → ['person', 'vest', 'white', 'yellow', 'head', 'blue', 'glass', 'red']
  GPU       : NVIDIA GeForce RTX 4050 Laptop GPU
  GPU temp  : 58°C

  Building datasets...
  Train: 1189 | Val: 254 | Test: 256
  Starting training for 100 epochs...
  Epoch 1/100 [Batch 29/149]
  Epoch 1/100 [Batch 58/149]
  Epoch 1/100 [Batch 87/149]
  Epoch 1/100 [Batch 116/149]
  Epoch 1/100 [Batch 145/149]
  Epoch 1/100 | Loss: 4.7747 [BEST]
  Epoch 2/100 [Batch 29/149]
  Epoch 2/100 [Batch 58/149]
  Epoch 2/100 [Batch 87/149]
  Epoch 2/100 [Batch 116/149]
  Epoch 2/100 [Batch 145/149]
  Epoch 2/100 | Loss: 3.7401 [BEST]
  Epoch 3/100 [Batch 29/149]
  Epoch 3/100 [Batch 58/149]
  Epoch 3/100 [Batch 87/149]
  Epoch 3/100 [Batch 116/149]
  Epoch 3/100 [Batch 145/149]
  Epoch 3/100 | Loss: 3.3981 [BEST]
  Epoch 4/100 [Batch 29/149]
  Epoch 4/100 [Batch 58/149]
  Epoch 4/100 [Batch 87/149]
  Epoch 4/100 [Batch 116/149]
  Epoch 4/100 [Batch 145/149]
  Epoch 4/100 | Loss: 3.2787 [BEST]
  Epoch 5/100 [Batch 29/149]
  Epoch 5/100 [Batch 58/149]
  Epoch 5/100 [Batch 87/149]
  Epoch 5/100 [Batch 116/149]
  Epoch 5/100 [Batch 145/149]
  Epoch 5/100 | Loss: 3.0952 [BEST]
  Epoch 6/100 [Batch 29/149]
  Epoch 6/100 [Batch 58/149]
  Epoch 6/100 [Batch 87/149]
  Epoch 6/100 [Batch 116/149]
  Epoch 6/100 [Batch 145/149]
  Epoch 6/100 | Loss: 2.9551 [BEST]
  Epoch 7/100 [Batch 29/149]
  Epoch 7/100 [Batch 58/149]
  Epoch 7/100 [Batch 87/149]
  Epoch 7/100 [Batch 116/149]
  Epoch 7/100 [Batch 145/149]
  Epoch 7/100 | Loss: 2.8268 [BEST]
  Epoch 8/100 [Batch 29/149]
  Epoch 8/100 [Batch 58/149]
  Epoch 8/100 [Batch 87/149]
  Epoch 8/100 [Batch 116/149]
  Epoch 8/100 [Batch 145/149]
  Epoch 8/100 | Loss: 2.7587 [BEST]
  Epoch 9/100 [Batch 29/149]
  Epoch 9/100 [Batch 58/149]
  Epoch 9/100 [Batch 87/149]
  Epoch 9/100 [Batch 116/149]
  Epoch 9/100 [Batch 145/149]
  Epoch 9/100 | Loss: 2.6282 [BEST]
  Epoch 10/100 [Batch 29/149]
  Epoch 10/100 [Batch 58/149]
  Epoch 10/100 [Batch 87/149]
  Epoch 10/100 [Batch 116/149]
  Epoch 10/100 [Batch 145/149]
  Epoch 10/100 | Loss: 2.5928 [BEST]
  Epoch 11/100 [Batch 29/149]
  Epoch 11/100 [Batch 58/149]
  Epoch 11/100 [Batch 87/149]
  Epoch 11/100 [Batch 116/149]
  Epoch 11/100 [Batch 145/149]
  Epoch 11/100 | Loss: 2.4439 [BEST]
  Epoch 12/100 [Batch 29/149]
  Epoch 12/100 [Batch 58/149]
  Epoch 12/100 [Batch 87/149]
  Epoch 12/100 [Batch 116/149]
  Epoch 12/100 [Batch 145/149]
  Epoch 12/100 | Loss: 2.4201 [BEST]
  Epoch 13/100 [Batch 29/149]
  Epoch 13/100 [Batch 58/149]
  Epoch 13/100 [Batch 87/149]
  Epoch 13/100 [Batch 116/149]
  Epoch 13/100 [Batch 145/149]
  Epoch 13/100 | Loss: 2.3380 [BEST]
  Epoch 14/100 [Batch 29/149]
  Epoch 14/100 [Batch 58/149]
  Epoch 14/100 [Batch 87/149]
  Epoch 14/100 [Batch 116/149]
  Epoch 14/100 [Batch 145/149]
  Epoch 14/100 | Loss: 2.2270 [BEST]
  Epoch 15/100 [Batch 29/149]
  Epoch 15/100 [Batch 58/149]
  Epoch 15/100 [Batch 87/149]
  Epoch 15/100 [Batch 116/149]
  Epoch 15/100 [Batch 145/149]
  Epoch 15/100 | Loss: 2.2290
  Epoch 16/100 [Batch 29/149]
  Epoch 16/100 [Batch 58/149]
  Epoch 16/100 [Batch 87/149]
  Epoch 16/100 [Batch 116/149]
  Epoch 16/100 [Batch 145/149]
  Epoch 16/100 | Loss: 2.1478 [BEST]
  Epoch 17/100 [Batch 29/149]
  Epoch 17/100 [Batch 58/149]
  Epoch 17/100 [Batch 87/149]
  Epoch 17/100 [Batch 116/149]
  Epoch 17/100 [Batch 145/149]
  Epoch 17/100 | Loss: 2.0278 [BEST]
  Epoch 18/100 [Batch 29/149]
  Epoch 18/100 [Batch 58/149]
  Epoch 18/100 [Batch 87/149]
  Epoch 18/100 [Batch 116/149]
  Epoch 18/100 [Batch 145/149]
  Epoch 18/100 | Loss: 2.0400
  Epoch 19/100 [Batch 29/149]
  Epoch 19/100 [Batch 58/149]
  Epoch 19/100 [Batch 87/149]
  Epoch 19/100 [Batch 116/149]
  Epoch 19/100 [Batch 145/149]
  Epoch 19/100 | Loss: 1.9445 [BEST]
  Epoch 20/100 [Batch 29/149]
  Epoch 20/100 [Batch 58/149]
  Epoch 20/100 [Batch 87/149]
  Epoch 20/100 [Batch 116/149]
  Epoch 20/100 [Batch 145/149]
  Epoch 20/100 | Loss: 1.9140 [BEST]
  Epoch 21/100 [Batch 29/149]
  Epoch 21/100 [Batch 58/149]
  Epoch 21/100 [Batch 87/149]
  Epoch 21/100 [Batch 116/149]
  Epoch 21/100 [Batch 145/149]
  Epoch 21/100 | Loss: 1.8765 [BEST]
  Epoch 22/100 [Batch 29/149]
  Epoch 22/100 [Batch 58/149]
  Epoch 22/100 [Batch 87/149]
  Epoch 22/100 [Batch 116/149]
  Epoch 22/100 [Batch 145/149]
  Epoch 22/100 | Loss: 1.7981 [BEST]
  Epoch 23/100 [Batch 29/149]
  Epoch 23/100 [Batch 58/149]
  Epoch 23/100 [Batch 87/149]
  Epoch 23/100 [Batch 116/149]
  Epoch 23/100 [Batch 145/149]
  Epoch 23/100 | Loss: 1.7714 [BEST]
  Epoch 24/100 [Batch 29/149]
  Epoch 24/100 [Batch 58/149]
  Epoch 24/100 [Batch 87/149]
  Epoch 24/100 [Batch 116/149]
  Epoch 24/100 [Batch 145/149]
  Epoch 24/100 | Loss: 1.6700 [BEST]
  Epoch 25/100 [Batch 29/149]
  Epoch 25/100 [Batch 58/149]
  Epoch 25/100 [Batch 87/149]
  Epoch 25/100 [Batch 116/149]
  Epoch 25/100 [Batch 145/149]
  Epoch 25/100 | Loss: 1.6813
  Epoch 26/100 [Batch 29/149]
  Epoch 26/100 [Batch 58/149]
  Epoch 26/100 [Batch 87/149]
  Epoch 26/100 [Batch 116/149]
  Epoch 26/100 [Batch 145/149]
  Epoch 26/100 | Loss: 1.6249 [BEST]
  Epoch 27/100 [Batch 29/149]
  Epoch 27/100 [Batch 58/149]
  Epoch 27/100 [Batch 87/149]
  Epoch 27/100 [Batch 116/149]
  Epoch 27/100 [Batch 145/149]
  Epoch 27/100 | Loss: 1.5777 [BEST]
  Epoch 28/100 [Batch 29/149]
  Epoch 28/100 [Batch 58/149]
  Epoch 28/100 [Batch 87/149]
  Epoch 28/100 [Batch 116/149]
  Epoch 28/100 [Batch 145/149]
  Epoch 28/100 | Loss: 1.5810
  Epoch 29/100 [Batch 29/149]
  Epoch 29/100 [Batch 58/149]
  Epoch 29/100 [Batch 87/149]
  Epoch 29/100 [Batch 116/149]
  Epoch 29/100 [Batch 145/149]
  Epoch 29/100 | Loss: 1.5291 [BEST]
  Epoch 30/100 [Batch 29/149]
  Epoch 30/100 [Batch 58/149]
  Epoch 30/100 [Batch 87/149]
  Epoch 30/100 [Batch 116/149]
  Epoch 30/100 [Batch 145/149]
  Epoch 30/100 | Loss: 1.5166 [BEST]
  Epoch 31/100 [Batch 29/149]
  Epoch 31/100 [Batch 58/149]
  Epoch 31/100 [Batch 87/149]
  Epoch 31/100 [Batch 116/149]
  Epoch 31/100 [Batch 145/149]
  Epoch 31/100 | Loss: 1.4636 [BEST]
  Epoch 32/100 [Batch 29/149]
  Epoch 32/100 [Batch 58/149]
  Epoch 32/100 [Batch 87/149]
  Epoch 32/100 [Batch 116/149]
  Epoch 32/100 [Batch 145/149]
  Epoch 32/100 | Loss: 1.4034 [BEST]
  Epoch 33/100 [Batch 29/149]
  Epoch 33/100 [Batch 58/149]
  Epoch 33/100 [Batch 87/149]
  Epoch 33/100 [Batch 116/149]
  Epoch 33/100 [Batch 145/149]
  Epoch 33/100 | Loss: 1.4239
  Epoch 34/100 [Batch 29/149]
  Epoch 34/100 [Batch 58/149]
  Epoch 34/100 [Batch 87/149]
  Epoch 34/100 [Batch 116/149]
  Epoch 34/100 [Batch 145/149]
  Epoch 34/100 | Loss: 1.3828 [BEST]
  Epoch 35/100 [Batch 29/149]
  Epoch 35/100 [Batch 58/149]
  Epoch 35/100 [Batch 87/149]
  Epoch 35/100 [Batch 116/149]
  Epoch 35/100 [Batch 145/149]
  Epoch 35/100 | Loss: 1.3434 [BEST]
  Epoch 36/100 [Batch 29/149]
  Epoch 36/100 [Batch 58/149]
  Epoch 36/100 [Batch 87/149]
  Epoch 36/100 [Batch 116/149]
  Epoch 36/100 [Batch 145/149]
  Epoch 36/100 | Loss: 1.3483
  Epoch 37/100 [Batch 29/149]
  Epoch 37/100 [Batch 58/149]
  Epoch 37/100 [Batch 87/149]
  Epoch 37/100 [Batch 116/149]
  Epoch 37/100 [Batch 145/149]
  Epoch 37/100 | Loss: 1.3020 [BEST]
  Epoch 38/100 [Batch 29/149]
  Epoch 38/100 [Batch 58/149]
  Epoch 38/100 [Batch 87/149]
  Epoch 38/100 [Batch 116/149]
  Epoch 38/100 [Batch 145/149]
  Epoch 38/100 | Loss: 1.2905 [BEST]
  Epoch 39/100 [Batch 29/149]
  Epoch 39/100 [Batch 58/149]
  Epoch 39/100 [Batch 87/149]
  Epoch 39/100 [Batch 116/149]
  Epoch 39/100 [Batch 145/149]
  Epoch 39/100 | Loss: 1.2426 [BEST]
  Epoch 40/100 [Batch 29/149]
  Epoch 40/100 [Batch 58/149]
  Epoch 40/100 [Batch 87/149]
  Epoch 40/100 [Batch 116/149]
  Epoch 40/100 [Batch 145/149]
  Epoch 40/100 | Loss: 1.2162 [BEST]
  Epoch 41/100 [Batch 29/149]
  Epoch 41/100 [Batch 58/149]
  Epoch 41/100 [Batch 87/149]
  Epoch 41/100 [Batch 116/149]
  Epoch 41/100 [Batch 145/149]
  Epoch 41/100 | Loss: 1.2122 [BEST]
  Epoch 42/100 [Batch 29/149]
  Epoch 42/100 [Batch 58/149]
  Epoch 42/100 [Batch 87/149]
  Epoch 42/100 [Batch 116/149]
  Epoch 42/100 [Batch 145/149]
  Epoch 42/100 | Loss: 1.1976 [BEST]
  Epoch 43/100 [Batch 29/149]
  Epoch 43/100 [Batch 58/149]
  Epoch 43/100 [Batch 87/149]
  Epoch 43/100 [Batch 116/149]
  Epoch 43/100 [Batch 145/149]
  Epoch 43/100 | Loss: 1.1689 [BEST]
  Epoch 44/100 [Batch 29/149]
  Epoch 44/100 [Batch 58/149]
  Epoch 44/100 [Batch 87/149]
  Epoch 44/100 [Batch 116/149]
  Epoch 44/100 [Batch 145/149]
  Epoch 44/100 | Loss: 1.1395 [BEST]
  Epoch 45/100 [Batch 29/149]
  Epoch 45/100 [Batch 58/149]
  Epoch 45/100 [Batch 87/149]
  Epoch 45/100 [Batch 116/149]
  Epoch 45/100 [Batch 145/149]
  Epoch 45/100 | Loss: 1.1110 [BEST]
  Epoch 46/100 [Batch 29/149]
  Epoch 46/100 [Batch 58/149]
  Epoch 46/100 [Batch 87/149]
  Epoch 46/100 [Batch 116/149]
  Epoch 46/100 [Batch 145/149]
  Epoch 46/100 | Loss: 1.0933 [BEST]
  Epoch 47/100 [Batch 29/149]
  Epoch 47/100 [Batch 58/149]
  Epoch 47/100 [Batch 87/149]
  Epoch 47/100 [Batch 116/149]
  Epoch 47/100 [Batch 145/149]
  Epoch 47/100 | Loss: 1.0893 [BEST]
  Epoch 48/100 [Batch 29/149]
  Epoch 48/100 [Batch 58/149]
  Epoch 48/100 [Batch 87/149]
  Epoch 48/100 [Batch 116/149]
  Epoch 48/100 [Batch 145/149]
  Epoch 48/100 | Loss: 1.0624 [BEST]
  Epoch 49/100 [Batch 29/149]
  Epoch 49/100 [Batch 58/149]
  Epoch 49/100 [Batch 87/149]
  Epoch 49/100 [Batch 116/149]
  Epoch 49/100 [Batch 145/149]
  Epoch 49/100 | Loss: 1.0475 [BEST]
  Epoch 50/100 [Batch 29/149]
  Epoch 50/100 [Batch 58/149]
  Epoch 50/100 [Batch 87/149]
  Epoch 50/100 [Batch 116/149]
  Epoch 50/100 [Batch 145/149]
  Epoch 50/100 | Loss: 1.0147 [BEST]
  Epoch 51/100 [Batch 29/149]
  Epoch 51/100 [Batch 58/149]
  Epoch 51/100 [Batch 87/149]
  Epoch 51/100 [Batch 116/149]
  Epoch 51/100 [Batch 145/149]
  Epoch 51/100 | Loss: 0.9883 [BEST]
  Epoch 52/100 [Batch 29/149]
  Epoch 52/100 [Batch 58/149]
  Epoch 52/100 [Batch 87/149]
  Epoch 52/100 [Batch 116/149]
  Epoch 52/100 [Batch 145/149]
  Epoch 52/100 | Loss: 0.9720 [BEST]
  Epoch 53/100 [Batch 29/149]
  Epoch 53/100 [Batch 58/149]
  Epoch 53/100 [Batch 87/149]
  Epoch 53/100 [Batch 116/149]
  Epoch 53/100 [Batch 145/149]
  Epoch 53/100 | Loss: 0.9636 [BEST]
  Epoch 54/100 [Batch 29/149]
  Epoch 54/100 [Batch 58/149]
  Epoch 54/100 [Batch 87/149]
  Epoch 54/100 [Batch 116/149]
  Epoch 54/100 [Batch 145/149]
  Epoch 54/100 | Loss: 0.9269 [BEST]
  Epoch 55/100 [Batch 29/149]
  Epoch 55/100 [Batch 58/149]
  Epoch 55/100 [Batch 87/149]
  Epoch 55/100 [Batch 116/149]
  Epoch 55/100 [Batch 145/149]
  Epoch 55/100 | Loss: 0.9196 [BEST]
  Epoch 56/100 [Batch 29/149]
  Epoch 56/100 [Batch 58/149]
  Epoch 56/100 [Batch 87/149]
  Epoch 56/100 [Batch 116/149]
  Epoch 56/100 [Batch 145/149]
  Epoch 56/100 | Loss: 0.9064 [BEST]
  Epoch 57/100 [Batch 29/149]
  Epoch 57/100 [Batch 58/149]
  Epoch 57/100 [Batch 87/149]
  Epoch 57/100 [Batch 116/149]
  Epoch 57/100 [Batch 145/149]
  Epoch 57/100 | Loss: 0.8805 [BEST]
  Epoch 58/100 [Batch 29/149]
  Epoch 58/100 [Batch 58/149]
  Epoch 58/100 [Batch 87/149]
  Epoch 58/100 [Batch 116/149]
  Epoch 58/100 [Batch 145/149]
  Epoch 58/100 | Loss: 0.8672 [BEST]
  Epoch 59/100 [Batch 29/149]
  Epoch 59/100 [Batch 58/149]
  Epoch 59/100 [Batch 87/149]
  Epoch 59/100 [Batch 116/149]
  Epoch 59/100 [Batch 145/149]
  Epoch 59/100 | Loss: 0.8469 [BEST]
  Epoch 60/100 [Batch 29/149]
  Epoch 60/100 [Batch 58/149]
  Epoch 60/100 [Batch 87/149]
  Epoch 60/100 [Batch 116/149]
  Epoch 60/100 [Batch 145/149]
  Epoch 60/100 | Loss: 0.8187 [BEST]
  Epoch 61/100 [Batch 29/149]
  Epoch 61/100 [Batch 58/149]
  Epoch 61/100 [Batch 87/149]
  Epoch 61/100 [Batch 116/149]
  Epoch 61/100 [Batch 145/149]
  Epoch 61/100 | Loss: 0.8378
  Epoch 62/100 [Batch 29/149]
  Epoch 62/100 [Batch 58/149]
  Epoch 62/100 [Batch 87/149]
  Epoch 62/100 [Batch 116/149]
  Epoch 62/100 [Batch 145/149]
  Epoch 62/100 | Loss: 0.8019 [BEST]
  Epoch 63/100 [Batch 29/149]
  Epoch 63/100 [Batch 58/149]
  Epoch 63/100 [Batch 87/149]
  Epoch 63/100 [Batch 116/149]
  Epoch 63/100 [Batch 145/149]
  Epoch 63/100 | Loss: 0.7883 [BEST]
  Epoch 64/100 [Batch 29/149]
  Epoch 64/100 [Batch 58/149]
  Epoch 64/100 [Batch 87/149]
  Epoch 64/100 [Batch 116/149]
  Epoch 64/100 [Batch 145/149]
  Epoch 64/100 | Loss: 0.7718 [BEST]
  Epoch 65/100 [Batch 29/149]
  Epoch 65/100 [Batch 58/149]
  Epoch 65/100 [Batch 87/149]
  Epoch 65/100 [Batch 116/149]
  Epoch 65/100 [Batch 145/149]
  Epoch 65/100 | Loss: 0.7672 [BEST]
  Epoch 66/100 [Batch 29/149]
  Epoch 66/100 [Batch 58/149]
  Epoch 66/100 [Batch 87/149]
  Epoch 66/100 [Batch 116/149]
  Epoch 66/100 [Batch 145/149]
  Epoch 66/100 | Loss: 0.7466 [BEST]
  Epoch 67/100 [Batch 29/149]
  Epoch 67/100 [Batch 58/149]
  Epoch 67/100 [Batch 87/149]
  Epoch 67/100 [Batch 116/149]
  Epoch 67/100 [Batch 145/149]
  Epoch 67/100 | Loss: 0.7372 [BEST]
  Epoch 68/100 [Batch 29/149]
  Epoch 68/100 [Batch 58/149]
  Epoch 68/100 [Batch 87/149]
  Epoch 68/100 [Batch 116/149]
  Epoch 68/100 [Batch 145/149]
  Epoch 68/100 | Loss: 0.7263 [BEST]
  Epoch 69/100 [Batch 29/149]
  Epoch 69/100 [Batch 58/149]
  Epoch 69/100 [Batch 87/149]
  Epoch 69/100 [Batch 116/149]
  Epoch 69/100 [Batch 145/149]
  Epoch 69/100 | Loss: 0.7073 [BEST]
  Epoch 70/100 [Batch 29/149]
  Epoch 70/100 [Batch 58/149]
  Epoch 70/100 [Batch 87/149]
  Epoch 70/100 [Batch 116/149]
  Epoch 70/100 [Batch 145/149]
  Epoch 70/100 | Loss: 0.6885 [BEST]
  Epoch 71/100 [Batch 29/149]
  Epoch 71/100 [Batch 58/149]
  Epoch 71/100 [Batch 87/149]
  Epoch 71/100 [Batch 116/149]
  Epoch 71/100 [Batch 145/149]
  Epoch 71/100 | Loss: 0.6987
  Epoch 72/100 [Batch 29/149]
  Epoch 72/100 [Batch 58/149]
  Epoch 72/100 [Batch 87/149]
  Epoch 72/100 [Batch 116/149]
  Epoch 72/100 [Batch 145/149]
  Epoch 72/100 | Loss: 0.6667 [BEST]
  Epoch 73/100 [Batch 29/149]
  Epoch 73/100 [Batch 58/149]
  Epoch 73/100 [Batch 87/149]
  Epoch 73/100 [Batch 116/149]
  Epoch 73/100 [Batch 145/149]
  Epoch 73/100 | Loss: 0.6694
  Epoch 74/100 [Batch 29/149]
  Epoch 74/100 [Batch 58/149]
  Epoch 74/100 [Batch 87/149]
  Epoch 74/100 [Batch 116/149]
  Epoch 74/100 [Batch 145/149]
  Epoch 74/100 | Loss: 0.6582 [BEST]
  Epoch 75/100 [Batch 29/149]
  Epoch 75/100 [Batch 58/149]
  Epoch 75/100 [Batch 87/149]
  Epoch 75/100 [Batch 116/149]
  Epoch 75/100 [Batch 145/149]
  Epoch 75/100 | Loss: 0.6428 [BEST]
  Epoch 76/100 [Batch 29/149]
  Epoch 76/100 [Batch 58/149]
  Epoch 76/100 [Batch 87/149]
  Epoch 76/100 [Batch 116/149]
  Epoch 76/100 [Batch 145/149]
  Epoch 76/100 | Loss: 0.6338 [BEST]
  Epoch 77/100 [Batch 29/149]
  Epoch 77/100 [Batch 58/149]
  Epoch 77/100 [Batch 87/149]
  Epoch 77/100 [Batch 116/149]
  Epoch 77/100 [Batch 145/149]
  Epoch 77/100 | Loss: 0.6351
  Epoch 78/100 [Batch 29/149]
  Epoch 78/100 [Batch 58/149]
  Epoch 78/100 [Batch 87/149]
  Epoch 78/100 [Batch 116/149]
  Epoch 78/100 [Batch 145/149]
  Epoch 78/100 | Loss: 0.6259 [BEST]
  Epoch 79/100 [Batch 29/149]
  Epoch 79/100 [Batch 58/149]
  Epoch 79/100 [Batch 87/149]
  Epoch 79/100 [Batch 116/149]
  Epoch 79/100 [Batch 145/149]
  Epoch 79/100 | Loss: 0.6173 [BEST]
  Epoch 80/100 [Batch 29/149]
  Epoch 80/100 [Batch 58/149]
  Epoch 80/100 [Batch 87/149]
  Epoch 80/100 [Batch 116/149]
  Epoch 80/100 [Batch 145/149]
  Epoch 80/100 | Loss: 0.6208
  Epoch 81/100 [Batch 29/149]
  Epoch 81/100 [Batch 58/149]
  Epoch 81/100 [Batch 87/149]
  Epoch 81/100 [Batch 116/149]
  Epoch 81/100 [Batch 145/149]
  Epoch 81/100 | Loss: 0.6006 [BEST]
  Epoch 82/100 [Batch 29/149]
  Epoch 82/100 [Batch 58/149]
  Epoch 82/100 [Batch 87/149]
  Epoch 82/100 [Batch 116/149]
  Epoch 82/100 [Batch 145/149]
  Epoch 82/100 | Loss: 0.5920 [BEST]
  Epoch 83/100 [Batch 29/149]
  Epoch 83/100 [Batch 58/149]
  Epoch 83/100 [Batch 87/149]
  Epoch 83/100 [Batch 116/149]
  Epoch 83/100 [Batch 145/149]
  Epoch 83/100 | Loss: 0.5924
  Epoch 84/100 [Batch 29/149]
  Epoch 84/100 [Batch 58/149]
  Epoch 84/100 [Batch 87/149]
  Epoch 84/100 [Batch 116/149]
  Epoch 84/100 [Batch 145/149]
  Epoch 84/100 | Loss: 0.5793 [BEST]
  Epoch 85/100 [Batch 29/149]
  Epoch 85/100 [Batch 58/149]
  Epoch 85/100 [Batch 87/149]
  Epoch 85/100 [Batch 116/149]
  Epoch 85/100 [Batch 145/149]
  Epoch 85/100 | Loss: 0.5859
  Epoch 86/100 [Batch 29/149]
  Epoch 86/100 [Batch 58/149]
  Epoch 86/100 [Batch 87/149]
  Epoch 86/100 [Batch 116/149]
  Epoch 86/100 [Batch 145/149]
  Epoch 86/100 | Loss: 0.5794
  Epoch 87/100 [Batch 29/149]
  Epoch 87/100 [Batch 58/149]
  Epoch 87/100 [Batch 87/149]
  Epoch 87/100 [Batch 116/149]
  Epoch 87/100 [Batch 145/149]
  Epoch 87/100 | Loss: 0.5727 [BEST]
  Epoch 88/100 [Batch 29/149]
  Epoch 88/100 [Batch 58/149]
  Epoch 88/100 [Batch 87/149]
  Epoch 88/100 [Batch 116/149]
  Epoch 88/100 [Batch 145/149]
  Epoch 88/100 | Loss: 0.5692 [BEST]
  Epoch 89/100 [Batch 29/149]
  Epoch 89/100 [Batch 58/149]
  Epoch 89/100 [Batch 87/149]
  Epoch 89/100 [Batch 116/149]
  Epoch 89/100 [Batch 145/149]
  Epoch 89/100 | Loss: 0.5676 [BEST]
  Epoch 90/100 [Batch 29/149]
  Epoch 90/100 [Batch 58/149]
  Epoch 90/100 [Batch 87/149]
  Epoch 90/100 [Batch 116/149]
  Epoch 90/100 [Batch 145/149]
  Epoch 90/100 | Loss: 0.5583 [BEST]
  Epoch 91/100 [Batch 29/149]
  Epoch 91/100 [Batch 58/149]
  Epoch 91/100 [Batch 87/149]
  Epoch 91/100 [Batch 116/149]
  Epoch 91/100 [Batch 145/149]
  Epoch 91/100 | Loss: 0.5583
  Epoch 92/100 [Batch 29/149]
  Epoch 92/100 [Batch 58/149]
  Epoch 92/100 [Batch 87/149]
  Epoch 92/100 [Batch 116/149]
  Epoch 92/100 [Batch 145/149]
  Epoch 92/100 | Loss: 0.5525 [BEST]
  Epoch 93/100 [Batch 29/149]
  Epoch 93/100 [Batch 58/149]
  Epoch 93/100 [Batch 87/149]
  Epoch 93/100 [Batch 116/149]
  Epoch 93/100 [Batch 145/149]
  Epoch 93/100 | Loss: 0.5483 [BEST]
  Epoch 94/100 [Batch 29/149]
  Epoch 94/100 [Batch 58/149]
  Epoch 94/100 [Batch 87/149]
  Epoch 94/100 [Batch 116/149]
  Epoch 94/100 [Batch 145/149]
  Epoch 94/100 | Loss: 0.5526
  Epoch 95/100 [Batch 29/149]
  Epoch 95/100 [Batch 58/149]
  Epoch 95/100 [Batch 87/149]
  Epoch 95/100 [Batch 116/149]
  Epoch 95/100 [Batch 145/149]
  Epoch 95/100 | Loss: 0.5523
  Epoch 96/100 [Batch 29/149]
  Epoch 96/100 [Batch 58/149]
  Epoch 96/100 [Batch 87/149]
  Epoch 96/100 [Batch 116/149]
  Epoch 96/100 [Batch 145/149]
  Epoch 96/100 | Loss: 0.5449 [BEST]
  Epoch 97/100 [Batch 29/149]
  Epoch 97/100 [Batch 58/149]
  Epoch 97/100 [Batch 87/149]
  Epoch 97/100 [Batch 116/149]
  Epoch 97/100 [Batch 145/149]
  Epoch 97/100 | Loss: 0.5511
  Epoch 98/100 [Batch 29/149]
  Epoch 98/100 [Batch 58/149]
  Epoch 98/100 [Batch 87/149]
  Epoch 98/100 [Batch 116/149]
  Epoch 98/100 [Batch 145/149]
  Epoch 98/100 | Loss: 0.5447 [BEST]
  Epoch 99/100 [Batch 29/149]
  Epoch 99/100 [Batch 58/149]
  Epoch 99/100 [Batch 87/149]
  Epoch 99/100 [Batch 116/149]
  Epoch 99/100 [Batch 145/149]
  Epoch 99/100 | Loss: 0.5535
  Epoch 100/100 [Batch 29/149]
  Epoch 100/100 [Batch 58/149]
  Epoch 100/100 [Batch 87/149]
  Epoch 100/100 [Batch 116/149]
  Epoch 100/100 [Batch 145/149]
  Epoch 100/100 | Loss: 0.5409 [BEST]

  Training complete: 85.0 min  (100 epochs)

  Evaluating on test split (256 images)...
  [DEBUG] GT: 256 images, 1835 annotations
  [DEBUG] DT: 2048 predictions
  [ERROR] COCO evaluation failed: Object of type float32 is not JSON serializable

  Measuring inference speed ...

======================================================================
  EXPERIMENT 22 — SSD300 (VGG16) on CHVG
======================================================================

  SETUP
    Model            : SSD300 (VGG16, PyTorch)
    Dataset          : CHVG
    Classes ( 8)      : ['person', 'vest', 'white', 'yellow', 'head', 'blue', 'glass', 'red']
    Epochs trained   : 100  (max=100, patience=20)
    Training time    : 85.0 min
    GPU              : NVIDIA GeForce RTX 4050 Laptop GPU

  TEST SET METRICS
    mAP@0.5          : 0.0000  (0.00%)
    mAP@0.5:0.95     : 0.0000  (0.00%)
    Precision        : 0.0000  (0.00%)
    Recall           : 0.0000  (0.00%)
    F1               : 0.0000

  INFERENCE (single image, GPU, 640×640)
    Avg latency      : 18.54 ms
    FPS              : 53.9

  PER-CLASS AP@0.5
    person                  : 0.0000  (0.00%)
    vest                    : 0.0000  (0.00%)
    white                   : 0.0000  (0.00%)
    yellow                  : 0.0000  (0.00%)
    head                    : 0.0000  (0.00%)
    blue                    : 0.0000  (0.00%)
    glass                   : 0.0000  (0.00%)
    red                     : 0.0000  (0.00%)

  TRAINING CONFIG (IDENTICAL TO YOLO)
    Batch / Img size : 8 / 640×640
    Optimizer        : SGD  lr0=0.01  momentum=0.937
    Weight decay     : 0.0005  |  Seed: 42
    AMP              : True
    LR scheduler     : Cosine annealing

  Weights  : /home/heng/FYP/results/SSD/exp22_ssd_chvg/weights/best.pth
  Run dir  : /home/heng/FYP/results/SSD/exp22_ssd_chvg
======================================================================

  Saved → /home/heng/FYP/results/SSD/exp22_ssd_chvg/metrics.txt

====================================================================================================
  SSD300 EXPERIMENT SUMMARY
====================================================================================================
  Dataset       Epochs    mAP@0.5   Precision   Recall      F1     FPS   Latency(ms)
  ------------------------------------------------------------------------------------------------
  Roboflow         100      0.00%       0.00%    0.00%  0.0000    53.5        18.69
  CHVG             100      0.00%       0.00%    0.00%  0.0000    53.9        18.54
====================================================================================================

  Summary saved → /home/heng/FYP/results/summary/ssd_experiments_summary.txt
