/home/heng/FYP/train_ssd_all.py:693: FutureWarning: `torch.cuda.amp.GradScaler(args...)` is deprecated. Please use `torch.amp.GradScaler('cuda', args...)` instead.
  scaler = GradScaler()
======================================================================
  SSD300 — All Experiments (YOLO Configuration)
======================================================================
  Running  : ['Roboflow']
  Config   : Batch=8, ImgSz=640×640, LR=0.01, SGD(momentum=0.937)
  GPU      : NVIDIA GeForce RTX 4050 Laptop GPU
  VRAM     : 6.1 GB
  GPU temp : 43°C


──────────────────────────────────────────────────────────────────────
  Resolving dataset: Roboflow ...

======================================================================
  EXP 21 — SSD300 (VGG16) | Roboflow
======================================================================
  results   : /home/heng/FYP/results/SSD/exp21_ssd_roboflow
  classes   : 5 → ['helmet', 'no-helmet', 'no-vest', 'person', 'vest']
  GPU       : NVIDIA GeForce RTX 4050 Laptop GPU
  GPU temp  : 43°C

  Building datasets...
  Train: 997 | Val: 119 | Test: 90
  Starting training for 100 epochs...
  Epoch 1/100 [Batch 25/125]
  Epoch 1/100 [Batch 50/125]
  Epoch 1/100 [Batch 75/125]
  Epoch 1/100 [Batch 100/125]
  Epoch 1/100 [Batch 125/125]
  Epoch 1/100 | Loss: 5.8758 [BEST]
  Epoch 2/100 [Batch 25/125]
  Epoch 2/100 [Batch 50/125]
  Epoch 2/100 [Batch 75/125]
  Epoch 2/100 [Batch 100/125]
  Epoch 2/100 [Batch 125/125]
  Epoch 2/100 | Loss: 4.4434 [BEST]
  Epoch 3/100 [Batch 25/125]
  Epoch 3/100 [Batch 50/125]
  Epoch 3/100 [Batch 75/125]
  Epoch 3/100 [Batch 100/125]
  Epoch 3/100 [Batch 125/125]
  Epoch 3/100 | Loss: 4.1625 [BEST]
  Epoch 4/100 [Batch 25/125]
  Epoch 4/100 [Batch 50/125]
  Epoch 4/100 [Batch 75/125]
  Epoch 4/100 [Batch 100/125]
  Epoch 4/100 [Batch 125/125]
  Epoch 4/100 | Loss: 4.0511 [BEST]
  Epoch 5/100 [Batch 25/125]
  Epoch 5/100 [Batch 50/125]
  Epoch 5/100 [Batch 75/125]
  Epoch 5/100 [Batch 100/125]
  Epoch 5/100 [Batch 125/125]
  Epoch 5/100 | Loss: 3.7944 [BEST]
  Epoch 6/100 [Batch 25/125]
  Epoch 6/100 [Batch 50/125]
  Epoch 6/100 [Batch 75/125]
  Epoch 6/100 [Batch 100/125]
  Epoch 6/100 [Batch 125/125]
  Epoch 6/100 | Loss: 3.6580 [BEST]
  Epoch 7/100 [Batch 25/125]
  Epoch 7/100 [Batch 50/125]
  Epoch 7/100 [Batch 75/125]
  Epoch 7/100 [Batch 100/125]
  Epoch 7/100 [Batch 125/125]
  Epoch 7/100 | Loss: 3.6110 [BEST]
  Epoch 8/100 [Batch 25/125]
  Epoch 8/100 [Batch 50/125]
  Epoch 8/100 [Batch 75/125]
  Epoch 8/100 [Batch 100/125]
  Epoch 8/100 [Batch 125/125]
  Epoch 8/100 | Loss: 3.4315 [BEST]
  Epoch 9/100 [Batch 25/125]
  Epoch 9/100 [Batch 50/125]
  Epoch 9/100 [Batch 75/125]
  Epoch 9/100 [Batch 100/125]
  Epoch 9/100 [Batch 125/125]
  Epoch 9/100 | Loss: 3.3256 [BEST]
  Epoch 10/100 [Batch 25/125]
  Epoch 10/100 [Batch 50/125]
  Epoch 10/100 [Batch 75/125]
  Epoch 10/100 [Batch 100/125]
  Epoch 10/100 [Batch 125/125]
  Epoch 10/100 | Loss: 3.2619 [BEST]
  Epoch 11/100 [Batch 25/125]
  Epoch 11/100 [Batch 50/125]
  Epoch 11/100 [Batch 75/125]
  Epoch 11/100 [Batch 100/125]
  Epoch 11/100 [Batch 125/125]
  Epoch 11/100 | Loss: 3.1310 [BEST]
  Epoch 12/100 [Batch 25/125]
  Epoch 12/100 [Batch 50/125]
  Epoch 12/100 [Batch 75/125]
  Epoch 12/100 [Batch 100/125]
  Epoch 12/100 [Batch 125/125]
  Epoch 12/100 | Loss: 3.0183 [BEST]
  Epoch 13/100 [Batch 25/125]
  Epoch 13/100 [Batch 50/125]
  Epoch 13/100 [Batch 75/125]
  Epoch 13/100 [Batch 100/125]
  Epoch 13/100 [Batch 125/125]
  Epoch 13/100 | Loss: 2.9489 [BEST]
  Epoch 14/100 [Batch 25/125]
  Epoch 14/100 [Batch 50/125]
  Epoch 14/100 [Batch 75/125]
  Epoch 14/100 [Batch 100/125]
  Epoch 14/100 [Batch 125/125]
  Epoch 14/100 | Loss: 2.8331 [BEST]
  Epoch 15/100 [Batch 25/125]
  Epoch 15/100 [Batch 50/125]
  Epoch 15/100 [Batch 75/125]
  Epoch 15/100 [Batch 100/125]
  Epoch 15/100 [Batch 125/125]
  Epoch 15/100 | Loss: 2.7316 [BEST]
  Epoch 16/100 [Batch 25/125]
  Epoch 16/100 [Batch 50/125]
  Epoch 16/100 [Batch 75/125]
  Epoch 16/100 [Batch 100/125]
  Epoch 16/100 [Batch 125/125]
  Epoch 16/100 | Loss: 2.6504 [BEST]
  Epoch 17/100 [Batch 25/125]
  Epoch 17/100 [Batch 50/125]
  Epoch 17/100 [Batch 75/125]
  Epoch 17/100 [Batch 100/125]
  Epoch 17/100 [Batch 125/125]
  Epoch 17/100 | Loss: 2.5816 [BEST]
  Epoch 18/100 [Batch 25/125]
  Epoch 18/100 [Batch 50/125]
  Epoch 18/100 [Batch 75/125]
  Epoch 18/100 [Batch 100/125]
  Epoch 18/100 [Batch 125/125]
  Epoch 18/100 | Loss: 2.5103 [BEST]
  Epoch 19/100 [Batch 25/125]
  Epoch 19/100 [Batch 50/125]
  Epoch 19/100 [Batch 75/125]
  Epoch 19/100 [Batch 100/125]
  Epoch 19/100 [Batch 125/125]
  Epoch 19/100 | Loss: 2.4257 [BEST]
  Epoch 20/100 [Batch 25/125]
  Epoch 20/100 [Batch 50/125]
  Epoch 20/100 [Batch 75/125]
  Epoch 20/100 [Batch 100/125]
  Epoch 20/100 [Batch 125/125]
  Epoch 20/100 | Loss: 2.3408 [BEST]
  Epoch 21/100 [Batch 25/125]
  Epoch 21/100 [Batch 50/125]
  Epoch 21/100 [Batch 75/125]
  Epoch 21/100 [Batch 100/125]
  Epoch 21/100 [Batch 125/125]
  Epoch 21/100 | Loss: 2.2871 [BEST]
  Epoch 22/100 [Batch 25/125]
  Epoch 22/100 [Batch 50/125]
  Epoch 22/100 [Batch 75/125]
  Epoch 22/100 [Batch 100/125]
  Epoch 22/100 [Batch 125/125]
  Epoch 22/100 | Loss: 2.2656 [BEST]
  Epoch 23/100 [Batch 25/125]
  Epoch 23/100 [Batch 50/125]
  Epoch 23/100 [Batch 75/125]
  Epoch 23/100 [Batch 100/125]
  Epoch 23/100 [Batch 125/125]
  Epoch 23/100 | Loss: 2.1820 [BEST]
  Epoch 24/100 [Batch 25/125]
  Epoch 24/100 [Batch 50/125]
  Epoch 24/100 [Batch 75/125]
  Epoch 24/100 [Batch 100/125]
  Epoch 24/100 [Batch 125/125]
  Epoch 24/100 | Loss: 2.1488 [BEST]
  Epoch 25/100 [Batch 25/125]
  Epoch 25/100 [Batch 50/125]
  Epoch 25/100 [Batch 75/125]
  Epoch 25/100 [Batch 100/125]
  Epoch 25/100 [Batch 125/125]
  Epoch 25/100 | Loss: 2.0946 [BEST]
  Epoch 26/100 [Batch 25/125]
  Epoch 26/100 [Batch 50/125]
  Epoch 26/100 [Batch 75/125]
  Epoch 26/100 [Batch 100/125]
  Epoch 26/100 [Batch 125/125]
  Epoch 26/100 | Loss: 2.0268 [BEST]
  Epoch 27/100 [Batch 25/125]
  Epoch 27/100 [Batch 50/125]
  Epoch 27/100 [Batch 75/125]
  Epoch 27/100 [Batch 100/125]
  Epoch 27/100 [Batch 125/125]
  Epoch 27/100 | Loss: 1.9642 [BEST]
  Epoch 28/100 [Batch 25/125]
  Epoch 28/100 [Batch 50/125]
  Epoch 28/100 [Batch 75/125]
  Epoch 28/100 [Batch 100/125]
  Epoch 28/100 [Batch 125/125]
  Epoch 28/100 | Loss: 1.9111 [BEST]
  Epoch 29/100 [Batch 25/125]
  Epoch 29/100 [Batch 50/125]
  Epoch 29/100 [Batch 75/125]
  Epoch 29/100 [Batch 100/125]
  Epoch 29/100 [Batch 125/125]
  Epoch 29/100 | Loss: 1.9213
  Epoch 30/100 [Batch 25/125]
  Epoch 30/100 [Batch 50/125]
  Epoch 30/100 [Batch 75/125]
  Epoch 30/100 [Batch 100/125]
  Epoch 30/100 [Batch 125/125]
  Epoch 30/100 | Loss: 1.8199 [BEST]
  Epoch 31/100 [Batch 25/125]
  Epoch 31/100 [Batch 50/125]
  Epoch 31/100 [Batch 75/125]
  Epoch 31/100 [Batch 100/125]
  Epoch 31/100 [Batch 125/125]
  Epoch 31/100 | Loss: 1.7860 [BEST]
  Epoch 32/100 [Batch 25/125]
  Epoch 32/100 [Batch 50/125]
  Epoch 32/100 [Batch 75/125]
  Epoch 32/100 [Batch 100/125]
  Epoch 32/100 [Batch 125/125]
  Epoch 32/100 | Loss: 1.7615 [BEST]
  Epoch 33/100 [Batch 25/125]
  Epoch 33/100 [Batch 50/125]
  Epoch 33/100 [Batch 75/125]
  Epoch 33/100 [Batch 100/125]
  Epoch 33/100 [Batch 125/125]
  Epoch 33/100 | Loss: 1.7275 [BEST]
  Epoch 34/100 [Batch 25/125]
  Epoch 34/100 [Batch 50/125]
  Epoch 34/100 [Batch 75/125]
  Epoch 34/100 [Batch 100/125]
  Epoch 34/100 [Batch 125/125]
  Epoch 34/100 | Loss: 1.6655 [BEST]
  Epoch 35/100 [Batch 25/125]
  Epoch 35/100 [Batch 50/125]
  Epoch 35/100 [Batch 75/125]
  Epoch 35/100 [Batch 100/125]
  Epoch 35/100 [Batch 125/125]
  Epoch 35/100 | Loss: 1.6481 [BEST]
  Epoch 36/100 [Batch 25/125]
  Epoch 36/100 [Batch 50/125]
  Epoch 36/100 [Batch 75/125]
  Epoch 36/100 [Batch 100/125]
  Epoch 36/100 [Batch 125/125]
  Epoch 36/100 | Loss: 1.6259 [BEST]
  Epoch 37/100 [Batch 25/125]
  Epoch 37/100 [Batch 50/125]
  Epoch 37/100 [Batch 75/125]
  Epoch 37/100 [Batch 100/125]
  Epoch 37/100 [Batch 125/125]
  Epoch 37/100 | Loss: 1.5747 [BEST]
  Epoch 38/100 [Batch 25/125]
  Epoch 38/100 [Batch 50/125]
  Epoch 38/100 [Batch 75/125]
  Epoch 38/100 [Batch 100/125]
  Epoch 38/100 [Batch 125/125]
  Epoch 38/100 | Loss: 1.5521 [BEST]
  Epoch 39/100 [Batch 25/125]
  Epoch 39/100 [Batch 50/125]
  Epoch 39/100 [Batch 75/125]
  Epoch 39/100 [Batch 100/125]
  Epoch 39/100 [Batch 125/125]
  Epoch 39/100 | Loss: 1.5119 [BEST]
  Epoch 40/100 [Batch 25/125]
  Epoch 40/100 [Batch 50/125]
  Epoch 40/100 [Batch 75/125]
  Epoch 40/100 [Batch 100/125]
  Epoch 40/100 [Batch 125/125]
  Epoch 40/100 | Loss: 1.4880 [BEST]
  Epoch 41/100 [Batch 25/125]
  Epoch 41/100 [Batch 50/125]
  Epoch 41/100 [Batch 75/125]
  Epoch 41/100 [Batch 100/125]
  Epoch 41/100 [Batch 125/125]
  Epoch 41/100 | Loss: 1.4699 [BEST]
  Epoch 42/100 [Batch 25/125]
  Epoch 42/100 [Batch 50/125]
  Epoch 42/100 [Batch 75/125]
  Epoch 42/100 [Batch 100/125]
  Epoch 42/100 [Batch 125/125]
  Epoch 42/100 | Loss: 1.4194 [BEST]
  Epoch 43/100 [Batch 25/125]
  Epoch 43/100 [Batch 50/125]
  Epoch 43/100 [Batch 75/125]
  Epoch 43/100 [Batch 100/125]
  Epoch 43/100 [Batch 125/125]
  Epoch 43/100 | Loss: 1.3867 [BEST]
  Epoch 44/100 [Batch 25/125]
  Epoch 44/100 [Batch 50/125]
  Epoch 44/100 [Batch 75/125]
  Epoch 44/100 [Batch 100/125]
  Epoch 44/100 [Batch 125/125]
  Epoch 44/100 | Loss: 1.3807 [BEST]
  Epoch 45/100 [Batch 25/125]
  Epoch 45/100 [Batch 50/125]
  Epoch 45/100 [Batch 75/125]
  Epoch 45/100 [Batch 100/125]
  Epoch 45/100 [Batch 125/125]
  Epoch 45/100 | Loss: 1.3523 [BEST]
  Epoch 46/100 [Batch 25/125]
  Epoch 46/100 [Batch 50/125]
  Epoch 46/100 [Batch 75/125]
  Epoch 46/100 [Batch 100/125]
  Epoch 46/100 [Batch 125/125]
  Epoch 46/100 | Loss: 1.3252 [BEST]
  Epoch 47/100 [Batch 25/125]
  Epoch 47/100 [Batch 50/125]
  Epoch 47/100 [Batch 75/125]
  Epoch 47/100 [Batch 100/125]
  Epoch 47/100 [Batch 125/125]
  Epoch 47/100 | Loss: 1.2845 [BEST]
  Epoch 48/100 [Batch 25/125]
  Epoch 48/100 [Batch 50/125]
  Epoch 48/100 [Batch 75/125]
  Epoch 48/100 [Batch 100/125]
  Epoch 48/100 [Batch 125/125]
  Epoch 48/100 | Loss: 1.2651 [BEST]
  Epoch 49/100 [Batch 25/125]
  Epoch 49/100 [Batch 50/125]
  Epoch 49/100 [Batch 75/125]
  Epoch 49/100 [Batch 100/125]
  Epoch 49/100 [Batch 125/125]
  Epoch 49/100 | Loss: 1.2378 [BEST]
  Epoch 50/100 [Batch 25/125]
  Epoch 50/100 [Batch 50/125]
  Epoch 50/100 [Batch 75/125]
  Epoch 50/100 [Batch 100/125]
  Epoch 50/100 [Batch 125/125]
  Epoch 50/100 | Loss: 1.1957 [BEST]
  Epoch 51/100 [Batch 25/125]
  Epoch 51/100 [Batch 50/125]
  Epoch 51/100 [Batch 75/125]
  Epoch 51/100 [Batch 100/125]
  Epoch 51/100 [Batch 125/125]
  Epoch 51/100 | Loss: 1.1689 [BEST]
  Epoch 52/100 [Batch 25/125]
  Epoch 52/100 [Batch 50/125]
  Epoch 52/100 [Batch 75/125]
  Epoch 52/100 [Batch 100/125]
  Epoch 52/100 [Batch 125/125]
  Epoch 52/100 | Loss: 1.1789
  Epoch 53/100 [Batch 25/125]
  Epoch 53/100 [Batch 50/125]
  Epoch 53/100 [Batch 75/125]
  Epoch 53/100 [Batch 100/125]
  Epoch 53/100 [Batch 125/125]
  Epoch 53/100 | Loss: 1.1136 [BEST]
  Epoch 54/100 [Batch 25/125]
  Epoch 54/100 [Batch 50/125]
  Epoch 54/100 [Batch 75/125]
  Epoch 54/100 [Batch 100/125]
  Epoch 54/100 [Batch 125/125]
  Epoch 54/100 | Loss: 1.1126 [BEST]
  Epoch 55/100 [Batch 25/125]
  Epoch 55/100 [Batch 50/125]
  Epoch 55/100 [Batch 75/125]
  Epoch 55/100 [Batch 100/125]
  Epoch 55/100 [Batch 125/125]
  Epoch 55/100 | Loss: 1.0766 [BEST]
  Epoch 56/100 [Batch 25/125]
  Epoch 56/100 [Batch 50/125]
  Epoch 56/100 [Batch 75/125]
  Epoch 56/100 [Batch 100/125]
  Epoch 56/100 [Batch 125/125]
  Epoch 56/100 | Loss: 1.0679 [BEST]
  Epoch 57/100 [Batch 25/125]
  Epoch 57/100 [Batch 50/125]
  Epoch 57/100 [Batch 75/125]
  Epoch 57/100 [Batch 100/125]
  Epoch 57/100 [Batch 125/125]
  Epoch 57/100 | Loss: 1.0209 [BEST]
  Epoch 58/100 [Batch 25/125]
  Epoch 58/100 [Batch 50/125]
  Epoch 58/100 [Batch 75/125]
  Epoch 58/100 [Batch 100/125]
  Epoch 58/100 [Batch 125/125]
  Epoch 58/100 | Loss: 1.0092 [BEST]
  Epoch 59/100 [Batch 25/125]
  Epoch 59/100 [Batch 50/125]
  Epoch 59/100 [Batch 75/125]
  Epoch 59/100 [Batch 100/125]
  Epoch 59/100 [Batch 125/125]
  Epoch 59/100 | Loss: 0.9875 [BEST]
  Epoch 60/100 [Batch 25/125]
  Epoch 60/100 [Batch 50/125]
  Epoch 60/100 [Batch 75/125]
  Epoch 60/100 [Batch 100/125]
  Epoch 60/100 [Batch 125/125]
  Epoch 60/100 | Loss: 0.9617 [BEST]
  Epoch 61/100 [Batch 25/125]
  Epoch 61/100 [Batch 50/125]
  Epoch 61/100 [Batch 75/125]
  Epoch 61/100 [Batch 100/125]
  Epoch 61/100 [Batch 125/125]
  Epoch 61/100 | Loss: 0.9506 [BEST]
  Epoch 62/100 [Batch 25/125]
  Epoch 62/100 [Batch 50/125]
  Epoch 62/100 [Batch 75/125]
  Epoch 62/100 [Batch 100/125]
  Epoch 62/100 [Batch 125/125]
  Epoch 62/100 | Loss: 0.9376 [BEST]
  Epoch 63/100 [Batch 25/125]
  Epoch 63/100 [Batch 50/125]
  Epoch 63/100 [Batch 75/125]
  Epoch 63/100 [Batch 100/125]
  Epoch 63/100 [Batch 125/125]
  Epoch 63/100 | Loss: 0.9159 [BEST]
  Epoch 64/100 [Batch 25/125]
  Epoch 64/100 [Batch 50/125]
  Epoch 64/100 [Batch 75/125]
  Epoch 64/100 [Batch 100/125]
  Epoch 64/100 [Batch 125/125]
  Epoch 64/100 | Loss: 0.8957 [BEST]
  Epoch 65/100 [Batch 25/125]
  Epoch 65/100 [Batch 50/125]
  Epoch 65/100 [Batch 75/125]
  Epoch 65/100 [Batch 100/125]
  Epoch 65/100 [Batch 125/125]
  Epoch 65/100 | Loss: 0.8646 [BEST]
  Epoch 66/100 [Batch 25/125]
  Epoch 66/100 [Batch 50/125]
  Epoch 66/100 [Batch 75/125]
  Epoch 66/100 [Batch 100/125]
  Epoch 66/100 [Batch 125/125]
  Epoch 66/100 | Loss: 0.8524 [BEST]
  Epoch 67/100 [Batch 25/125]
  Epoch 67/100 [Batch 50/125]
  Epoch 67/100 [Batch 75/125]
  Epoch 67/100 [Batch 100/125]
  Epoch 67/100 [Batch 125/125]
  Epoch 67/100 | Loss: 0.8353 [BEST]
  Epoch 68/100 [Batch 25/125]
  Epoch 68/100 [Batch 50/125]
  Epoch 68/100 [Batch 75/125]
  Epoch 68/100 [Batch 100/125]
  Epoch 68/100 [Batch 125/125]
  Epoch 68/100 | Loss: 0.8267 [BEST]
  Epoch 69/100 [Batch 25/125]
  Epoch 69/100 [Batch 50/125]
  Epoch 69/100 [Batch 75/125]
  Epoch 69/100 [Batch 100/125]
  Epoch 69/100 [Batch 125/125]
  Epoch 69/100 | Loss: 0.8094 [BEST]
  Epoch 70/100 [Batch 25/125]
  Epoch 70/100 [Batch 50/125]
  Epoch 70/100 [Batch 75/125]
  Epoch 70/100 [Batch 100/125]
  Epoch 70/100 [Batch 125/125]
  Epoch 70/100 | Loss: 0.7992 [BEST]
  Epoch 71/100 [Batch 25/125]
  Epoch 71/100 [Batch 50/125]
  Epoch 71/100 [Batch 75/125]
  Epoch 71/100 [Batch 100/125]
  Epoch 71/100 [Batch 125/125]
  Epoch 71/100 | Loss: 0.7801 [BEST]
  Epoch 72/100 [Batch 25/125]
  Epoch 72/100 [Batch 50/125]
  Epoch 72/100 [Batch 75/125]
  Epoch 72/100 [Batch 100/125]
  Epoch 72/100 [Batch 125/125]
  Epoch 72/100 | Loss: 0.7617 [BEST]
  Epoch 73/100 [Batch 25/125]
  Epoch 73/100 [Batch 50/125]
  Epoch 73/100 [Batch 75/125]
  Epoch 73/100 [Batch 100/125]
  Epoch 73/100 [Batch 125/125]
  Epoch 73/100 | Loss: 0.7698
  Epoch 74/100 [Batch 25/125]
  Epoch 74/100 [Batch 50/125]
  Epoch 74/100 [Batch 75/125]
  Epoch 74/100 [Batch 100/125]
  Epoch 74/100 [Batch 125/125]
  Epoch 74/100 | Loss: 0.7297 [BEST]
  Epoch 75/100 [Batch 25/125]
  Epoch 75/100 [Batch 50/125]
  Epoch 75/100 [Batch 75/125]
  Epoch 75/100 [Batch 100/125]
  Epoch 75/100 [Batch 125/125]
  Epoch 75/100 | Loss: 0.7290 [BEST]
  Epoch 76/100 [Batch 25/125]
  Epoch 76/100 [Batch 50/125]
  Epoch 76/100 [Batch 75/125]
  Epoch 76/100 [Batch 100/125]
  Epoch 76/100 [Batch 125/125]
  Epoch 76/100 | Loss: 0.7212 [BEST]
  Epoch 77/100 [Batch 25/125]
  Epoch 77/100 [Batch 50/125]
  Epoch 77/100 [Batch 75/125]
  Epoch 77/100 [Batch 100/125]
  Epoch 77/100 [Batch 125/125]
  Epoch 77/100 | Loss: 0.6982 [BEST]
  Epoch 78/100 [Batch 25/125]
  Epoch 78/100 [Batch 50/125]
  Epoch 78/100 [Batch 75/125]
  Epoch 78/100 [Batch 100/125]
  Epoch 78/100 [Batch 125/125]
  Epoch 78/100 | Loss: 0.6873 [BEST]
  Epoch 79/100 [Batch 25/125]
  Epoch 79/100 [Batch 50/125]
  Epoch 79/100 [Batch 75/125]
  Epoch 79/100 [Batch 100/125]
  Epoch 79/100 [Batch 125/125]
  Epoch 79/100 | Loss: 0.6808 [BEST]
  Epoch 80/100 [Batch 25/125]
  Epoch 80/100 [Batch 50/125]
  Epoch 80/100 [Batch 75/125]
  Epoch 80/100 [Batch 100/125]
  Epoch 80/100 [Batch 125/125]
  Epoch 80/100 | Loss: 0.6671 [BEST]
  Epoch 81/100 [Batch 25/125]
  Epoch 81/100 [Batch 50/125]
  Epoch 81/100 [Batch 75/125]
  Epoch 81/100 [Batch 100/125]
  Epoch 81/100 [Batch 125/125]
  Epoch 81/100 | Loss: 0.6665 [BEST]
  Epoch 82/100 [Batch 25/125]
  Epoch 82/100 [Batch 50/125]
  Epoch 82/100 [Batch 75/125]
  Epoch 82/100 [Batch 100/125]
  Epoch 82/100 [Batch 125/125]
  Epoch 82/100 | Loss: 0.6645 [BEST]
  Epoch 83/100 [Batch 25/125]
  Epoch 83/100 [Batch 50/125]
  Epoch 83/100 [Batch 75/125]
  Epoch 83/100 [Batch 100/125]
  Epoch 83/100 [Batch 125/125]
  Epoch 83/100 | Loss: 0.6531 [BEST]
  Epoch 84/100 [Batch 25/125]
  Epoch 84/100 [Batch 50/125]
  Epoch 84/100 [Batch 75/125]
  Epoch 84/100 [Batch 100/125]
  Epoch 84/100 [Batch 125/125]
  Epoch 84/100 | Loss: 0.6489 [BEST]
  Epoch 85/100 [Batch 25/125]
  Epoch 85/100 [Batch 50/125]
  Epoch 85/100 [Batch 75/125]
  Epoch 85/100 [Batch 100/125]
  Epoch 85/100 [Batch 125/125]
  Epoch 85/100 | Loss: 0.6433 [BEST]
  Epoch 86/100 [Batch 25/125]
  Epoch 86/100 [Batch 50/125]
  Epoch 86/100 [Batch 75/125]
  Epoch 86/100 [Batch 100/125]
  Epoch 86/100 [Batch 125/125]
  Epoch 86/100 | Loss: 0.6306 [BEST]
  Epoch 87/100 [Batch 25/125]
  Epoch 87/100 [Batch 50/125]
  Epoch 87/100 [Batch 75/125]
  Epoch 87/100 [Batch 100/125]
  Epoch 87/100 [Batch 125/125]
  Epoch 87/100 | Loss: 0.6286 [BEST]
  Epoch 88/100 [Batch 25/125]
  Epoch 88/100 [Batch 50/125]
  Epoch 88/100 [Batch 75/125]
  Epoch 88/100 [Batch 100/125]
  Epoch 88/100 [Batch 125/125]
  Epoch 88/100 | Loss: 0.6148 [BEST]
  Epoch 89/100 [Batch 25/125]
  Epoch 89/100 [Batch 50/125]
  Epoch 89/100 [Batch 75/125]
  Epoch 89/100 [Batch 100/125]
  Epoch 89/100 [Batch 125/125]
  Epoch 89/100 | Loss: 0.6316
  Epoch 90/100 [Batch 25/125]
  Epoch 90/100 [Batch 50/125]
  Epoch 90/100 [Batch 75/125]
  Epoch 90/100 [Batch 100/125]
  Epoch 90/100 [Batch 125/125]
  Epoch 90/100 | Loss: 0.6241
  Epoch 91/100 [Batch 25/125]
  Epoch 91/100 [Batch 50/125]
  Epoch 91/100 [Batch 75/125]
  Epoch 91/100 [Batch 100/125]
  Epoch 91/100 [Batch 125/125]
  Epoch 91/100 | Loss: 0.6186
  Epoch 92/100 [Batch 25/125]
  Epoch 92/100 [Batch 50/125]
  Epoch 92/100 [Batch 75/125]
  Epoch 92/100 [Batch 100/125]
  Epoch 92/100 [Batch 125/125]
  Epoch 92/100 | Loss: 0.6098 [BEST]
  Epoch 93/100 [Batch 25/125]
  Epoch 93/100 [Batch 50/125]
  Epoch 93/100 [Batch 75/125]
  Epoch 93/100 [Batch 100/125]
  Epoch 93/100 [Batch 125/125]
  Epoch 93/100 | Loss: 0.6091 [BEST]
  Epoch 94/100 [Batch 25/125]
  Epoch 94/100 [Batch 50/125]
  Epoch 94/100 [Batch 75/125]
  Epoch 94/100 [Batch 100/125]
  Epoch 94/100 [Batch 125/125]
  Epoch 94/100 | Loss: 0.6060 [BEST]
  Epoch 95/100 [Batch 25/125]
  Epoch 95/100 [Batch 50/125]
  Epoch 95/100 [Batch 75/125]
  Epoch 95/100 [Batch 100/125]
  Epoch 95/100 [Batch 125/125]
  Epoch 95/100 | Loss: 0.6035 [BEST]
  Epoch 96/100 [Batch 25/125]
  Epoch 96/100 [Batch 50/125]
  Epoch 96/100 [Batch 75/125]
  Epoch 96/100 [Batch 100/125]
  Epoch 96/100 [Batch 125/125]
  Epoch 96/100 | Loss: 0.6031 [BEST]
  Epoch 97/100 [Batch 25/125]
  Epoch 97/100 [Batch 50/125]
  Epoch 97/100 [Batch 75/125]
  Epoch 97/100 [Batch 100/125]
  Epoch 97/100 [Batch 125/125]
  Epoch 97/100 | Loss: 0.6024 [BEST]
  Epoch 98/100 [Batch 25/125]
  Epoch 98/100 [Batch 50/125]
  Epoch 98/100 [Batch 75/125]
  Epoch 98/100 [Batch 100/125]
  Epoch 98/100 [Batch 125/125]
  Epoch 98/100 | Loss: 0.6010 [BEST]
  Epoch 99/100 [Batch 25/125]
  Epoch 99/100 [Batch 50/125]
  Epoch 99/100 [Batch 75/125]
  Epoch 99/100 [Batch 100/125]
  Epoch 99/100 [Batch 125/125]
  Epoch 99/100 | Loss: 0.6013
  Epoch 100/100 [Batch 25/125]
  Epoch 100/100 [Batch 50/125]
  Epoch 100/100 [Batch 75/125]
  Epoch 100/100 [Batch 100/125]
  Epoch 100/100 [Batch 125/125]
  Epoch 100/100 | Loss: 0.6145

  Training complete: 111.5 min  (100 epochs)

  Evaluating on test split (90 images)...
  [DEBUG] GT: 90 images, 623 annotations
  [DEBUG] DT: 5369 predictions
  [DEBUG] mAP@0.5=0.5066, mAP@0.5:0.95=0.2136
  [DEBUG] Precision=0.6518, Recall=0.5859, F1=0.6171

  Measuring inference speed ...

======================================================================
  EXPERIMENT 21 — SSD300 (VGG16) on Roboflow
======================================================================

  SETUP
    Model            : SSD300 (VGG16, PyTorch)
    Dataset          : Roboflow
    Classes ( 5)      : ['helmet', 'no-helmet', 'no-vest', 'person', 'vest']
    Epochs trained   : 100  (max=100, patience=20)
    Training time    : 111.5 min
    GPU              : NVIDIA GeForce RTX 4050 Laptop GPU

  TEST SET METRICS
    mAP@0.5          : 0.5066  (50.66%)
    mAP@0.5:0.95     : 0.2136  (21.36%)
    Precision        : 0.6518  (65.18%)
    Recall           : 0.5859  (58.59%)
    F1               : 0.6171

  INFERENCE (single image, GPU, 640×640)
    Avg latency      : 19.53 ms
    FPS              : 51.2

  PER-CLASS AP@0.5
    helmet                  : 0.0000  (0.00%)
    no-helmet               : 0.0000  (0.00%)
    no-vest                 : 0.0000  (0.00%)
    person                  : 0.0000  (0.00%)
    vest                    : 0.0000  (0.00%)

  TRAINING CONFIG (IDENTICAL TO YOLO)
    Batch / Img size : 8 / 640×640
    Optimizer        : SGD  lr0=0.01  momentum=0.937
    Weight decay     : 0.0005  |  Seed: 42
    AMP              : True
    LR scheduler     : Cosine annealing

  Weights  : /home/heng/FYP/results/SSD/exp21_ssd_roboflow/weights/best.pth
  Run dir  : /home/heng/FYP/results/SSD/exp21_ssd_roboflow
======================================================================

  Saved → /home/heng/FYP/results/SSD/exp21_ssd_roboflow/metrics.txt

====================================================================================================
  SSD300 EXPERIMENT SUMMARY
====================================================================================================
  Dataset       Epochs    mAP@0.5   Precision   Recall      F1     FPS   Latency(ms)
  ------------------------------------------------------------------------------------------------
  Roboflow         100     50.66%      65.18%   58.59%  0.6171    51.2        19.53
====================================================================================================

  Summary saved → /home/heng/FYP/results/summary/ssd_experiments_summary.txt
